#
# A fatal error has been detected by the Java Runtime Environment:
#
#  SIGSEGV (0xb) at pc=0x00007fce5e794a39, pid=9487, tid=9510
#
# JRE version: OpenJDK Runtime Environment Temurin-17.0.2+8 (17.0.2+8) (build 17.0.2+8)
# Java VM: OpenJDK 64-Bit Server VM Temurin-17.0.2+8 (17.0.2+8, mixed mode, emulated-client, tiered, compressed oops, compressed class ptrs, g1 gc, linux-amd64)
# Problematic frame:
# V  [libjvm.so+0xea0a39]  Symbol::as_C_string() const+0x9
#
# Core dump will be written. Default location: Core dumps may be processed with "/usr/share/apport/apport %p %s %c %d %P %E" (or dumping to /home/brevio/Documents/workspace-spring-tool-suite-4-4.14.0.RELEASE/conversor-numeros-romanos/core.9487)
#
# If you would like to submit a bug report, please visit:
#   https://github.com/adoptium/adoptium-support/issues
#

---------------  S U M M A R Y ------------

Command Line: -XX:+ShowCodeDetailsInExceptionMessages -agentlib:jdwp=transport=dt_socket,suspend=y,address=localhost:37943 -Dcom.sun.management.jmxremote -Dcom.sun.management.jmxremote.port=45775 -Dcom.sun.management.jmxremote.authenticate=false -Dcom.sun.management.jmxremote.ssl=false -Djava.rmi.server.hostname=localhost -Dspring.jmx.enabled=true -Dspring.application.admin.enabled=true -Djava.security.egd=file:/dev/./urandom -XX:TieredStopAtLevel=1 -Dspring.boot.project.name=conversor-numeros-romanos -javaagent:/home/brevio/.eclipse/org.eclipse.platform_4.23.0_60848750_linux_gtk_x86_64/configuration/org.eclipse.osgi/257/0/.cp/lib/javaagent-shaded.jar -Dfile.encoding=UTF-8 br.com.brevio.ConversorNumerosRomanosApplication --spring.output.ansi.enabled=always

Host: Intel(R) Core(TM) i7-2600 CPU @ 3.40GHz, 8 cores, 7G, Ubuntu 21.10
Time: Tue Mar 29 00:06:20 2022 -03 elapsed time: 68.938058 seconds (0d 0h 1m 8s)

---------------  T H R E A D  ---------------

Current thread (0x00007fce582b5f80):  JavaThread "JDWP Transport Listener: dt_socket" daemon [_thread_in_vm, id=9510, stack(0x00007fce3ca88000,0x00007fce3cb88000)]

Stack: [0x00007fce3ca88000,0x00007fce3cb88000],  sp=0x00007fce3cb86900,  free space=1018k
Native frames: (J=compiled Java code, j=interpreted, Vv=VM code, C=native code)
V  [libjvm.so+0xea0a39]  Symbol::as_C_string() const+0x9
V  [libjvm.so+0xa1e894]  JvmtiEnv::GetClassSignature(oopDesc*, char**, char**)+0x114
V  [libjvm.so+0x9d4079]  jvmti_GetClassSignature+0x1d9
C  [libjdwp.so+0x2c2df]  classSignature+0x3f
C  [libjdwp.so+0x7938]  signatureWithGeneric+0x68
C  [libjdwp.so+0x12ec5]  debugLoop_run+0x1f5
C  [libjdwp.so+0x26123]  attachThread+0x33
V  [libjvm.so+0xa3af45]  JvmtiAgentThread::start_function_wrapper(JavaThread*, JavaThread*)+0x85
V  [libjvm.so+0xf02e80]  JavaThread::thread_main_inner()+0x180
V  [libjvm.so+0xf062e2]  Thread::call_run()+0xe2
V  [libjvm.so+0xc40b81]  thread_native_entry(Thread*)+0xe1


siginfo: si_signo: 11 (SIGSEGV), si_code: 1 (SEGV_MAPERR), si_addr: 0x0000000000cb000e

Register to memory mapping:

RAX=0x00000000000000ca is an unknown value
RBX=0x00007fce08001430 points into unknown readable memory: 0x0000000000000000 | 00 00 00 00 00 00 00 00
RCX=0x00007fcd9f74a268 is pointing into metadata
RDX=0x003b736f6e616d6f is an unknown value
RSP=0x00007fce3cb86900 is pointing into the stack for thread: 0x00007fce582b5f80
RBP=0x00007fce3cb86910 is pointing into the stack for thread: 0x00007fce582b5f80
RSI=0x0 is NULL
RDI=0x0000000000cb000a is an unknown value
R8 =0x00007fce040037a0 points into unknown readable memory: 0x2f6d6f632f72624c | 4c 62 72 2f 63 6f 6d 2f
R9 =0x000000000000001e is an unknown value
R10=0x000000000000001c is an unknown value
R11=0x00007fce5f0f3220: <offset 0x00000000001d2220> in /lib/x86_64-linux-gnu/libc.so.6 at 0x00007fce5ef21000
R12=0x00000001003f4238 is a pointer to class: 
br.com.brevio.models.Romanos {0x00000001003f4238}
 - instance size:     3
 - klass size:        73
 - access:            public final synchronized 
 - state:             fully_initialized
 - name:              'br/com/brevio/models/Romanos'
 - super:             'java/lang/Enum'
 - sub:               
 - arrays:            'br/com/brevio/models/Romanos'[]
 - methods:           Array<T>(0x00007fcd9f718fa8)
 - method ordering:   Array<T>(0x00007fcd9f749110)
 - default_methods:   Array<T>(0x0000000000000000)
 - local interfaces:  Array<T>(0x00007fce3d800058)
 - trans. interfaces: Array<T>(0x00007fce3daa3e68)
 - constants:         constant pool [225]/operands[7] {0x00007fcd9f74a268} for 'br/com/brevio/models/Romanos' cache=0x00007fcd9f74aa28
 - class loader data:  loader data: 0x00007fcdb8000c60 for instance a 'org/springframework/boot/devtools/restart/classloader/RestartClassLoader'{0x0000000084b02ea8}
 - source file:       'Romanos.java'
 - source debug extension:       SMAP
Romanos.java
Java
*S jdt
*F
1 Romanos.java
2 file:/home/brevio/Documents/workspace-spring-tool-suite-4-4.14.0.RELEASE/conversor-numeros-romanos/target/classes/
*L
*E

 - class annotations:       Array<T>(0x0000000000000000)
 - class type annotations:  Array<T>(0x0000000000000000)
 - field annotations:       Array<T>(0x0000000000000000)
 - field type annotations:  Array<T>(0x0000000000000000)
 - generic signature: '
[error occurred during error reporting (printing register info), id 0xb, SIGSEGV (0xb) at pc=0x00007fce5e796188]

Registers:
RAX=0x00000000000000ca, RBX=0x00007fce08001430, RCX=0x00007fcd9f74a268, RDX=0x003b736f6e616d6f
RSP=0x00007fce3cb86900, RBP=0x00007fce3cb86910, RSI=0x0000000000000000, RDI=0x0000000000cb000a
R8 =0x00007fce040037a0, R9 =0x000000000000001e, R10=0x000000000000001c, R11=0x00007fce5f0f3220
R12=0x00000001003f4238, R13=0x00007fce3cb86a48, R14=0x00000001003f4238, R15=0x00007fce582b5e00
RIP=0x00007fce5e794a39, EFLAGS=0x0000000000010246, CSGSFS=0x002b000000000033, ERR=0x0000000000000004
  TRAPNO=0x000000000000000e

Top of Stack: (sp=0x00007fce3cb86900)
0x00007fce3cb86900:   00007fce08001430 00000001003f4238
0x00007fce3cb86910:   00007fce3cb86980 00007fce5e312894
0x00007fce3cb86920:   00007fce08001460 00000000000003d8
0x00007fce3cb86930:   00007fce58017de0 00007fce08001818 

Instructions: (pc=0x00007fce5e794a39)
0x00007fce5e794939:   41 0f 11 04 09 48 83 c1 10 41 39 fb 77 e9 89 d9
0x00007fce5e794949:   83 e1 f0 01 ca 39 cb 48 63 d2 74 13 0f 1f 00 41
0x00007fce5e794959:   0f b6 0c 10 88 0c 10 48 83 c2 01 39 d6 7f f0 48
0x00007fce5e794969:   63 f6 5b c6 04 30 00 5d c3 66 0f 1f 44 00 00 ba
0x00007fce5e794979:   02 00 00 00 eb 91 90 ba 05 00 00 00 eb 89 ba 0d
0x00007fce5e794989:   00 00 00 eb 82 66 90 31 d2 48 63 d2 0f 1f 00 41
0x00007fce5e794999:   0f b6 0c 10 88 0c 10 48 83 c2 01 39 d6 7f f0 e9
0x00007fce5e7949a9:   44 ff ff ff 0f 1f 00 ba 03 00 00 00 e9 56 ff ff
0x00007fce5e7949b9:   ff 66 0f 1f 44 00 00 ba 04 00 00 00 e9 46 ff ff
0x00007fce5e7949c9:   ff 66 0f 1f 44 00 00 ba 06 00 00 00 e9 36 ff ff
0x00007fce5e7949d9:   ff 31 d2 e9 2f ff ff ff ba 07 00 00 00 e9 25 ff
0x00007fce5e7949e9:   ff ff ba 08 00 00 00 e9 1b ff ff ff ba 09 00 00
0x00007fce5e7949f9:   00 e9 11 ff ff ff ba 0a 00 00 00 e9 07 ff ff ff
0x00007fce5e794a09:   ba 0b 00 00 00 e9 fd fe ff ff ba 0c 00 00 00 e9
0x00007fce5e794a19:   f3 fe ff ff ba 0e 00 00 00 e9 e9 fe ff ff 90 0f
0x00007fce5e794a29:   1f 84 00 00 00 00 00 55 31 f6 48 89 e5 41 54 53
0x00007fce5e794a39:   44 0f b7 67 04 48 89 fb 41 8d 7c 24 01 48 63 ff
0x00007fce5e794a49:   e8 d2 82 e4 ff 0f b7 73 04 44 39 e6 49 0f 4f f4
0x00007fce5e794a59:   85 f6 0f 84 8f 01 00 00 48 8d 50 10 4c 8d 43 06
0x00007fce5e794a69:   49 39 d0 48 8d 53 16 0f 93 c1 48 39 d0 0f 93 c2
0x00007fce5e794a79:   08 d1 0f 84 8f 01 00 00 83 fe 14 0f 86 86 01 00
0x00007fce5e794a89:   00 4c 89 c1 8d 7e ff 48 f7 d9 83 e1 0f 8d 51 0f
0x00007fce5e794a99:   39 d7 0f 82 af 01 00 00 85 c9 0f 84 eb 01 00 00
0x00007fce5e794aa9:   0f b6 53 06 83 f9 01 88 10 0f 84 48 01 00 00 0f
0x00007fce5e794ab9:   b6 53 07 83 f9 02 88 50 01 0f 84 78 01 00 00 0f
0x00007fce5e794ac9:   b6 53 08 83 f9 03 88 50 02 0f 84 80 01 00 00 0f
0x00007fce5e794ad9:   b6 53 09 83 f9 04 88 50 03 0f 84 80 01 00 00 0f
0x00007fce5e794ae9:   b6 53 0a 83 f9 05 88 50 04 0f 84 88 01 00 00 0f
0x00007fce5e794af9:   b6 53 0b 83 f9 06 88 50 05 0f 84 82 01 00 00 0f
0x00007fce5e794b09:   b6 53 0c 83 f9 07 88 50 06 0f 84 5a 01 00 00 0f
0x00007fce5e794b19:   b6 53 0d 83 f9 08 88 50 07 0f 84 73 01 00 00 0f
0x00007fce5e794b29:   b6 53 0e 83 f9 09 88 50 08 0f 84 6d 01 00 00 0f 


Stack slot to memory mapping:
stack at sp + 0 slots: 0x00007fce08001430 points into unknown readable memory: 0x0000000000000000 | 00 00 00 00 00 00 00 00
stack at sp + 1 slots: 0x00000001003f4238 is a pointer to class: 
br.com.brevio.models.Romanos {0x00000001003f4238}
 - instance size:     3
 - klass size:        73
 - access:            public final synchronized 
 - state:             fully_initialized
 - name:              'br/com/brevio/models/Romanos'
 - super:             'java/lang/Enum'
 - sub:               
 - arrays:            'br/com/brevio/models/Romanos'[]
 - methods:           Array<T>(0x00007fcd9f718fa8)
 - method ordering:   Array<T>(0x00007fcd9f749110)
 - default_methods:   Array<T>(0x0000000000000000)
 - local interfaces:  Array<T>(0x00007fce3d800058)
 - trans. interfaces: Array<T>(0x00007fce3daa3e68)
 - constants:         constant pool [225]/operands[7] {0x00007fcd9f74a268} for 'br/com/brevio/models/Romanos' cache=0x00007fcd9f74aa28
 - class loader data:  loader data: 0x00007fcdb8000c60 for instance a 'org/springframework/boot/devtools/restart/classloader/RestartClassLoader'{0x0000000084b02ea8}
 - source file:       'Romanos.java'
 - source debug extension:       SMAP
Romanos.java
Java
*S jdt
*F
1 Romanos.java
2 file:/home/brevio/Documents/workspace-spring-tool-suite-4-4.14.0.RELEASE/conversor-numeros-romanos/target/classes/
*L
*E

 - class annotations:       Array<T>(0x0000000000000000)
 - class type annotations:  Array<T>(0x0000000000000000)
 - field annotations:       Array<T>(0x0000000000000000)
 - field type annotations:  Array<T>(0x0000000000000000)
 - generic signature: '
[error occurred during error reporting (inspecting top of stack), id 0xb, SIGSEGV (0xb) at pc=0x00007fce5e796188]


---------------  P R O C E S S  ---------------

Threads class SMR info:
_java_thread_list=0x00007fce0818d7c0, length=44, elements={
0x00007fce581847d0, 0x00007fce58185e20, 0x00007fce581abf20, 0x00007fce581ad2d0,
0x00007fce581ae6e0, 0x00007fce581afc50, 0x00007fce581b1060, 0x00007fce5826af80,
0x00007fce582b5f80, 0x00007fce582c9600, 0x00007fce0c001120, 0x00007fce5854dc40,
0x00007fce58619920, 0x00007fce58622da0, 0x00007fce58647be0, 0x00007fcdf40028e0,
0x00007fcdf0002450, 0x00007fcdbc00f340, 0x00007fcdb000e9b0, 0x00007fcdb87102b0,
0x00007fcda028e700, 0x00007fcdb8711960, 0x00007fcdb880b1d0, 0x00007fcdb880dae0,
0x00007fcdb8819330, 0x00007fcdb881a250, 0x00007fcdb881b050, 0x00007fcdb881bf40,
0x00007fcdb881d050, 0x00007fcdb881e160, 0x00007fcdb881f670, 0x00007fcdb8820b80,
0x00007fcdb8821f60, 0x00007fcdb8823480, 0x00007fcdb8826fa0, 0x00007fcdb882d400,
0x00007fce580277b0, 0x00007fcdf4003970, 0x00007fcdf4004500, 0x00007fcdf40050a0,
0x00007fcdf0003400, 0x00007fcdf0004560, 0x00007fcdf0005ac0, 0x00007fce20000ea0
}

Java Threads: ( => current thread )
  0x00007fce581847d0 JavaThread "Reference Handler" daemon [_thread_blocked, id=9500, stack(0x00007fce4c390000,0x00007fce4c490000)]
  0x00007fce58185e20 JavaThread "Finalizer" daemon [_thread_blocked, id=9501, stack(0x00007fce4c290000,0x00007fce4c390000)]
  0x00007fce581abf20 JavaThread "Signal Dispatcher" daemon [_thread_blocked, id=9502, stack(0x00007fce4c190000,0x00007fce4c290000)]
  0x00007fce581ad2d0 JavaThread "Service Thread" daemon [_thread_blocked, id=9503, stack(0x00007fce4c090000,0x00007fce4c190000)]
  0x00007fce581ae6e0 JavaThread "Monitor Deflation Thread" daemon [_thread_blocked, id=9504, stack(0x00007fce3d18e000,0x00007fce3d28e000)]
  0x00007fce581afc50 JavaThread "C1 CompilerThread0" daemon [_thread_blocked, id=9505, stack(0x00007fce3d08e000,0x00007fce3d18e000)]
  0x00007fce581b1060 JavaThread "Sweeper thread" daemon [_thread_blocked, id=9506, stack(0x00007fce3cf8e000,0x00007fce3d08e000)]
  0x00007fce5826af80 JavaThread "Common-Cleaner" daemon [_thread_blocked, id=9507, stack(0x00007fce3ce8e000,0x00007fce3cf8e000)]
=>0x00007fce582b5f80 JavaThread "JDWP Transport Listener: dt_socket" daemon [_thread_in_vm, id=9510, stack(0x00007fce3ca88000,0x00007fce3cb88000)]
  0x00007fce582c9600 JavaThread "JDWP Event Helper Thread" daemon [_thread_blocked, id=9512, stack(0x00007fce3c988000,0x00007fce3ca88000)]
  0x00007fce0c001120 JavaThread "JDWP Command Reader" daemon [_thread_in_native, id=9514, stack(0x00007fce3c888000,0x00007fce3c988000)]
  0x00007fce5854dc40 JavaThread "Notification Thread" daemon [_thread_blocked, id=9516, stack(0x00007fce3c35f000,0x00007fce3c45f000)]
  0x00007fce58619920 JavaThread "RMI TCP Accept-0" daemon [_thread_in_native, id=9517, stack(0x00007fce3c05a000,0x00007fce3c15a000)]
  0x00007fce58622da0 JavaThread "RMI TCP Accept-45775" daemon [_thread_in_native, id=9518, stack(0x00007fcdff2f6000,0x00007fcdff3f6000)]
  0x00007fce58647be0 JavaThread "RMI TCP Accept-0" daemon [_thread_in_native, id=9519, stack(0x00007fcdfefe7000,0x00007fcdff0e7000)]
  0x00007fcdf40028e0 JavaThread "RMI TCP Connection(idle)" daemon [_thread_blocked, id=9532, stack(0x00007fcdfe2d5000,0x00007fcdfe3d5000)]
  0x00007fcdf0002450 JavaThread "RMI TCP Connection(idle)" daemon [_thread_blocked, id=9534, stack(0x00007fcdfe1d5000,0x00007fcdfe2d5000)]
  0x00007fcdbc00f340 JavaThread "RMI Scheduler(0)" daemon [_thread_blocked, id=9535, stack(0x00007fcdfe0d5000,0x00007fcdfe1d5000)]
  0x00007fcdb000e9b0 JavaThread "JMX server connection timeout 27" daemon [_thread_blocked, id=9536, stack(0x00007fcdfd700000,0x00007fcdfd800000)]
  0x00007fcdb87102b0 JavaThread "Catalina-utility-1" [_thread_blocked, id=9541, stack(0x00007fcdfd4fe000,0x00007fcdfd5fe000)]
  0x00007fcda028e700 JavaThread "Catalina-utility-2" [_thread_blocked, id=9542, stack(0x00007fcdfcb00000,0x00007fcdfcc00000)]
  0x00007fcdb8711960 JavaThread "container-0" [_thread_blocked, id=9543, stack(0x00007fcdfca00000,0x00007fcdfcb00000)]
  0x00007fcdb880b1d0 JavaThread "File Watcher" daemon [_thread_blocked, id=9546, stack(0x00007fcdfc900000,0x00007fcdfca00000)]
  0x00007fcdb880dae0 JavaThread "Live Reload Server" daemon [_thread_in_native, id=9548, stack(0x00007fcdfc800000,0x00007fcdfc900000)]
  0x00007fcdb8819330 JavaThread "http-nio-8080-exec-1" daemon [_thread_blocked, id=9549, stack(0x00007fcdfc700000,0x00007fcdfc800000)]
  0x00007fcdb881a250 JavaThread "http-nio-8080-exec-2" daemon [_thread_blocked, id=9550, stack(0x00007fcdfc600000,0x00007fcdfc700000)]
  0x00007fcdb881b050 JavaThread "http-nio-8080-exec-3" daemon [_thread_blocked, id=9551, stack(0x00007fcdfc500000,0x00007fcdfc600000)]
  0x00007fcdb881bf40 JavaThread "http-nio-8080-exec-4" daemon [_thread_blocked, id=9552, stack(0x00007fcdfc400000,0x00007fcdfc500000)]
  0x00007fcdb881d050 JavaThread "http-nio-8080-exec-5" daemon [_thread_blocked, id=9553, stack(0x00007fcdfc300000,0x00007fcdfc400000)]
  0x00007fcdb881e160 JavaThread "http-nio-8080-exec-6" daemon [_thread_blocked, id=9554, stack(0x00007fcdfc200000,0x00007fcdfc300000)]
  0x00007fcdb881f670 JavaThread "http-nio-8080-exec-7" daemon [_thread_blocked, id=9555, stack(0x00007fcdfc100000,0x00007fcdfc200000)]
  0x00007fcdb8820b80 JavaThread "http-nio-8080-exec-8" daemon [_thread_blocked, id=9556, stack(0x00007fcdfc000000,0x00007fcdfc100000)]
  0x00007fcdb8821f60 JavaThread "http-nio-8080-exec-9" daemon [_thread_blocked, id=9557, stack(0x00007fcd9ff00000,0x00007fcda0000000)]
  0x00007fcdb8823480 JavaThread "http-nio-8080-exec-10" daemon [_thread_blocked, id=9558, stack(0x00007fcd9fe00000,0x00007fcd9ff00000)]
  0x00007fcdb8826fa0 JavaThread "http-nio-8080-Poller" daemon [_thread_in_native, id=9559, stack(0x00007fcd9fd00000,0x00007fcd9fe00000)]
  0x00007fcdb882d400 JavaThread "http-nio-8080-Acceptor" daemon [_thread_in_native, id=9560, stack(0x00007fcd9fc00000,0x00007fcd9fd00000)]
  0x00007fce580277b0 JavaThread "DestroyJavaVM" [_thread_blocked, id=9493, stack(0x00007fce5d70b000,0x00007fce5d80b000)]
  0x00007fcdf4003970 JavaThread "RMI TCP Connection(idle)" daemon [_thread_blocked, id=9561, stack(0x00007fcdfe4d5000,0x00007fcdfe5d5000)]
  0x00007fcdf4004500 JavaThread "RMI TCP Connection(idle)" daemon [_thread_blocked, id=9562, stack(0x00007fcdfe3d5000,0x00007fcdfe4d5000)]
  0x00007fcdf40050a0 JavaThread "RMI TCP Connection(idle)" daemon [_thread_blocked, id=9563, stack(0x00007fcd9f300000,0x00007fcd9f400000)]
  0x00007fcdf0003400 JavaThread "RMI TCP Connection(9)-127.0.0.1" daemon [_thread_in_native, id=9565, stack(0x00007fcd9f100000,0x00007fcd9f200000)]
  0x00007fcdf0004560 JavaThread "RMI TCP Connection(idle)" daemon [_thread_blocked, id=9566, stack(0x00007fcd9f000000,0x00007fcd9f100000)]
  0x00007fcdf0005ac0 JavaThread "RMI TCP Connection(idle)" daemon [_thread_blocked, id=9567, stack(0x00007fcd9ef00000,0x00007fcd9f000000)]
  0x00007fce20000ea0 JavaThread "Attach Listener" daemon [_thread_blocked, id=9578, stack(0x00007fcd9ed00000,0x00007fcd9ee00000)]

Other Threads:
  0x00007fce58135360 VMThread "VM Thread" [stack: 0x00007fce4c492000,0x00007fce4c592000] [id=9499]
  0x00007fce581d6d90 WatcherThread [stack: 0x00007fcdfeee7000,0x00007fcdfefe7000] [id=9520]
  0x00007fce58066a60 GCTaskThread "GC Thread#0" [stack: 0x00007fce5c0b6000,0x00007fce5c1b6000] [id=9494]
  0x00007fce34005fe0 GCTaskThread "GC Thread#1" [stack: 0x00007fcdfece5000,0x00007fcdfede5000] [id=9522]
  0x00007fce3400c9b0 GCTaskThread "GC Thread#2" [stack: 0x00007fcdfebe3000,0x00007fcdfece3000] [id=9523]
  0x00007fce3400d330 GCTaskThread "GC Thread#3" [stack: 0x00007fcdfeae1000,0x00007fcdfebe1000] [id=9524]
  0x00007fce3400e170 GCTaskThread "GC Thread#4" [stack: 0x00007fcdfe9df000,0x00007fcdfeadf000] [id=9525]
  0x00007fce3400efd0 GCTaskThread "GC Thread#5" [stack: 0x00007fcdfe8dd000,0x00007fcdfe9dd000] [id=9526]
  0x00007fce3400fe30 GCTaskThread "GC Thread#6" [stack: 0x00007fcdfe7db000,0x00007fcdfe8db000] [id=9527]
  0x00007fce34010c90 GCTaskThread "GC Thread#7" [stack: 0x00007fcdfe6d9000,0x00007fcdfe7d9000] [id=9528]
  0x00007fce580777a0 ConcurrentGCThread "G1 Main Marker" [stack: 0x00007fce4d32c000,0x00007fce4d42c000] [id=9495]
  0x00007fce58078700 ConcurrentGCThread "G1 Conc#0" [stack: 0x00007fce4d22a000,0x00007fce4d32a000] [id=9496]
  0x00007fce40000ea0 ConcurrentGCThread "G1 Conc#1" [stack: 0x00007fcdfd600000,0x00007fcdfd700000] [id=9538]
  0x00007fce580ee090 ConcurrentGCThread "G1 Refine#0" [stack: 0x00007fce4c920000,0x00007fce4ca20000] [id=9497]
  0x00007fce38000ea0 ConcurrentGCThread "G1 Refine#1" [stack: 0x00007fcdfe5d7000,0x00007fcdfe6d7000] [id=9529]
  0x00007fce580eef80 ConcurrentGCThread "G1 Service" [stack: 0x00007fce4c81e000,0x00007fce4c91e000] [id=9498]

Threads with active compile tasks:

VM state: not at safepoint (normal execution)

VM Mutex/Monitor currently owned by a thread: None

Heap address: 0x0000000084600000, size: 1978 MB, Compressed Oops mode: 32-bit

CDS archive(s) not mapped
Compressed class space mapped at: 0x0000000100000000-0x0000000140000000, reserved size: 1073741824
Narrow klass base: 0x0000000000000000, Narrow klass shift: 3, Narrow klass range: 0x140000000

GC Precious Log:
 CPUs: 8 total, 8 available
 Memory: 7906M
 Large Page Support: Disabled
 NUMA Support: Disabled
 Compressed Oops: Enabled (32-bit)
 Heap Region Size: 1M
 Heap Min Capacity: 8M
 Heap Initial Capacity: 124M
 Heap Max Capacity: 1978M
 Pre-touch: Disabled
 Parallel Workers: 8
 Concurrent Workers: 2
 Concurrent Refinement Workers: 8
 Periodic GC: Disabled

Heap:
 garbage-first heap   total 61440K, used 42147K [0x0000000084600000, 0x0000000100000000)
  region size 1024K, 30 young (30720K), 1 survivors (1024K)
 Metaspace       used 40650K, committed 41088K, reserved 1089536K
  class space    used 5035K, committed 5248K, reserved 1048576K

Heap Regions: E=young(eden), S=young(survivor), O=old, HS=humongous(starts), HC=humongous(continues), CS=collection set, F=free, OA=open archive, CA=closed archive, TAMS=top-at-mark-start (previous, next)
|   0|0x0000000084600000, 0x0000000084700000, 0x0000000084700000|100%| O|  |TAMS 0x0000000084700000, 0x0000000084600000| Untracked 
|   1|0x0000000084700000, 0x0000000084800000, 0x0000000084800000|100%| O|  |TAMS 0x0000000084800000, 0x0000000084700000| Untracked 
|   2|0x0000000084800000, 0x0000000084900000, 0x0000000084900000|100%| O|  |TAMS 0x0000000084900000, 0x0000000084800000| Untracked 
|   3|0x0000000084900000, 0x0000000084a00000, 0x0000000084a00000|100%| O|  |TAMS 0x0000000084a00000, 0x0000000084900000| Untracked 
|   4|0x0000000084a00000, 0x0000000084b00000, 0x0000000084b00000|100%| O|  |TAMS 0x0000000084a00000, 0x0000000084a00000| Untracked 
|   5|0x0000000084b00000, 0x0000000084c00000, 0x0000000084c00000|100%| O|  |TAMS 0x0000000084c00000, 0x0000000084b00000| Untracked 
|   6|0x0000000084c00000, 0x0000000084d00000, 0x0000000084d00000|100%| O|  |TAMS 0x0000000084c00000, 0x0000000084c00000| Untracked 
|   7|0x0000000084d00000, 0x0000000084d00000, 0x0000000084e00000|  0%| F|  |TAMS 0x0000000084d00000, 0x0000000084d00000| Untracked 
|   8|0x0000000084e00000, 0x0000000084f00000, 0x0000000084f00000|100%| O|  |TAMS 0x0000000084e00000, 0x0000000084e00000| Untracked 
|   9|0x0000000084f00000, 0x0000000085000000, 0x0000000085000000|100%| O|  |TAMS 0x0000000085000000, 0x0000000084f00000| Untracked 
|  10|0x0000000085000000, 0x0000000085100000, 0x0000000085100000|100%| O|  |TAMS 0x0000000085097800, 0x0000000085000000| Untracked 
|  11|0x0000000085100000, 0x0000000085200000, 0x0000000085200000|100%| O|  |TAMS 0x0000000085100000, 0x0000000085100000| Untracked 
|  12|0x0000000085200000, 0x0000000085300000, 0x0000000085300000|100%| O|  |TAMS 0x0000000085200000, 0x0000000085200000| Untracked 
|  13|0x0000000085300000, 0x0000000085300000, 0x0000000085400000|  0%| F|  |TAMS 0x0000000085300000, 0x0000000085300000| Untracked 
|  14|0x0000000085400000, 0x0000000085400000, 0x0000000085500000|  0%| F|  |TAMS 0x0000000085400000, 0x0000000085400000| Untracked 
|  15|0x0000000085500000, 0x0000000085500000, 0x0000000085600000|  0%| F|  |TAMS 0x0000000085500000, 0x0000000085500000| Untracked 
|  16|0x0000000085600000, 0x0000000085700000, 0x0000000085700000|100%| O|  |TAMS 0x0000000085600000, 0x0000000085600000| Untracked 
|  17|0x0000000085700000, 0x00000000857d2a00, 0x0000000085800000| 82%| O|  |TAMS 0x0000000085700000, 0x0000000085700000| Untracked 
|  18|0x0000000085800000, 0x0000000085800000, 0x0000000085900000|  0%| F|  |TAMS 0x0000000085800000, 0x0000000085800000| Untracked 
|  19|0x0000000085900000, 0x0000000085900000, 0x0000000085a00000|  0%| F|  |TAMS 0x0000000085900000, 0x0000000085900000| Untracked 
|  20|0x0000000085a00000, 0x0000000085a00000, 0x0000000085b00000|  0%| F|  |TAMS 0x0000000085a00000, 0x0000000085a00000| Untracked 
|  21|0x0000000085b00000, 0x0000000085b00000, 0x0000000085c00000|  0%| F|  |TAMS 0x0000000085b00000, 0x0000000085b00000| Untracked 
|  22|0x0000000085c00000, 0x0000000085c00000, 0x0000000085d00000|  0%| F|  |TAMS 0x0000000085c00000, 0x0000000085c00000| Untracked 
|  23|0x0000000085d00000, 0x0000000085d00000, 0x0000000085e00000|  0%| F|  |TAMS 0x0000000085d00000, 0x0000000085d00000| Untracked 
|  24|0x0000000085e00000, 0x0000000085e00000, 0x0000000085f00000|  0%| F|  |TAMS 0x0000000085e00000, 0x0000000085e00000| Untracked 
|  25|0x0000000085f00000, 0x0000000085f00000, 0x0000000086000000|  0%| F|  |TAMS 0x0000000085f00000, 0x0000000085f00000| Untracked 
|  26|0x0000000086000000, 0x0000000086000000, 0x0000000086100000|  0%| F|  |TAMS 0x0000000086000000, 0x0000000086000000| Untracked 
|  27|0x0000000086100000, 0x0000000086100000, 0x0000000086200000|  0%| F|  |TAMS 0x0000000086100000, 0x0000000086100000| Untracked 
|  28|0x0000000086200000, 0x0000000086200000, 0x0000000086300000|  0%| F|  |TAMS 0x0000000086200000, 0x0000000086200000| Untracked 
|  29|0x0000000086300000, 0x0000000086300000, 0x0000000086400000|  0%| F|  |TAMS 0x0000000086300000, 0x0000000086300000| Untracked 
|  30|0x0000000086400000, 0x0000000086500000, 0x0000000086500000|100%| E|  |TAMS 0x0000000086400000, 0x0000000086400000| Complete 
|  31|0x0000000086500000, 0x0000000086600000, 0x0000000086600000|100%| E|CS|TAMS 0x0000000086500000, 0x0000000086500000| Complete 
|  32|0x0000000086600000, 0x0000000086700000, 0x0000000086700000|100%| E|CS|TAMS 0x0000000086600000, 0x0000000086600000| Complete 
|  33|0x0000000086700000, 0x0000000086800000, 0x0000000086800000|100%| E|CS|TAMS 0x0000000086700000, 0x0000000086700000| Complete 
|  34|0x0000000086800000, 0x0000000086900000, 0x0000000086900000|100%| E|CS|TAMS 0x0000000086800000, 0x0000000086800000| Complete 
|  35|0x0000000086900000, 0x0000000086a00000, 0x0000000086a00000|100%| E|CS|TAMS 0x0000000086900000, 0x0000000086900000| Complete 
|  36|0x0000000086a00000, 0x0000000086b00000, 0x0000000086b00000|100%| E|CS|TAMS 0x0000000086a00000, 0x0000000086a00000| Complete 
|  37|0x0000000086b00000, 0x0000000086c00000, 0x0000000086c00000|100%| E|CS|TAMS 0x0000000086b00000, 0x0000000086b00000| Complete 
|  38|0x0000000086c00000, 0x0000000086d00000, 0x0000000086d00000|100%| E|CS|TAMS 0x0000000086c00000, 0x0000000086c00000| Complete 
|  39|0x0000000086d00000, 0x0000000086e00000, 0x0000000086e00000|100%| E|CS|TAMS 0x0000000086d00000, 0x0000000086d00000| Complete 
|  40|0x0000000086e00000, 0x0000000086f00000, 0x0000000086f00000|100%| E|CS|TAMS 0x0000000086e00000, 0x0000000086e00000| Complete 
|  41|0x0000000086f00000, 0x0000000087000000, 0x0000000087000000|100%| E|CS|TAMS 0x0000000086f00000, 0x0000000086f00000| Complete 
|  42|0x0000000087000000, 0x0000000087100000, 0x0000000087100000|100%| E|CS|TAMS 0x0000000087000000, 0x0000000087000000| Complete 
|  43|0x0000000087100000, 0x0000000087200000, 0x0000000087200000|100%| E|CS|TAMS 0x0000000087100000, 0x0000000087100000| Complete 
|  44|0x0000000087200000, 0x0000000087300000, 0x0000000087300000|100%| E|CS|TAMS 0x0000000087200000, 0x0000000087200000| Complete 
|  45|0x0000000087300000, 0x0000000087400000, 0x0000000087400000|100%| E|CS|TAMS 0x0000000087300000, 0x0000000087300000| Complete 
|  46|0x0000000087400000, 0x0000000087500000, 0x0000000087500000|100%| E|CS|TAMS 0x0000000087400000, 0x0000000087400000| Complete 
|  47|0x0000000087500000, 0x0000000087600000, 0x0000000087600000|100%| E|CS|TAMS 0x0000000087500000, 0x0000000087500000| Complete 
|  48|0x0000000087600000, 0x0000000087700000, 0x0000000087700000|100%| E|CS|TAMS 0x0000000087600000, 0x0000000087600000| Complete 
|  49|0x0000000087700000, 0x0000000087800000, 0x0000000087800000|100%| E|CS|TAMS 0x0000000087700000, 0x0000000087700000| Complete 
|  50|0x0000000087800000, 0x0000000087900000, 0x0000000087900000|100%| E|CS|TAMS 0x0000000087800000, 0x0000000087800000| Complete 
|  51|0x0000000087900000, 0x0000000087a00000, 0x0000000087a00000|100%| E|  |TAMS 0x0000000087900000, 0x0000000087900000| Complete 
|  52|0x0000000087a00000, 0x0000000087b00000, 0x0000000087b00000|100%| E|CS|TAMS 0x0000000087a00000, 0x0000000087a00000| Complete 
|  53|0x0000000087b00000, 0x0000000087c00000, 0x0000000087c00000|100%| E|CS|TAMS 0x0000000087b00000, 0x0000000087b00000| Complete 
|  54|0x0000000087c00000, 0x0000000087d00000, 0x0000000087d00000|100%| E|CS|TAMS 0x0000000087c00000, 0x0000000087c00000| Complete 
|  57|0x0000000087f00000, 0x0000000088000000, 0x0000000088000000|100%| E|CS|TAMS 0x0000000087f00000, 0x0000000087f00000| Complete 
|  58|0x0000000088000000, 0x0000000088100000, 0x0000000088100000|100%| E|CS|TAMS 0x0000000088000000, 0x0000000088000000| Complete 
|  59|0x0000000088100000, 0x0000000088200000, 0x0000000088200000|100%| E|CS|TAMS 0x0000000088100000, 0x0000000088100000| Complete 
|  60|0x0000000088200000, 0x0000000088256270, 0x0000000088300000| 33%| S|CS|TAMS 0x0000000088200000, 0x0000000088200000| Complete 
| 123|0x000000008c100000, 0x000000008c200000, 0x000000008c200000|100%| E|CS|TAMS 0x000000008c100000, 0x000000008c100000| Complete 

Card table byte_map: [0x00007fce515d9000,0x00007fce519b6000] _byte_map_base: 0x00007fce511b6000

Marking Bits (Prev, Next): (CMBitMap*) 0x00007fce580674e0, (CMBitMap*) 0x00007fce58067520
 Prev Bits: [0x00007fce4f314000, 0x00007fce511fc000)
 Next Bits: [0x00007fce4d42c000, 0x00007fce4f314000)

Polling page: 0x00007fce5f38a000

Metaspace:

Usage:
  Non-class:     34,78 MB used.
      Class:      4,92 MB used.
       Both:     39,70 MB used.

Virtual space:
  Non-class space:       40,00 MB reserved,      35,00 MB ( 88%) committed,  5 nodes.
      Class space:        1,00 GB reserved,       5,12 MB ( <1%) committed,  1 nodes.
             Both:        1,04 GB reserved,      40,12 MB (  4%) committed. 

Chunk freelists:
   Non-Class:  720,00 KB
       Class:  2,93 MB
        Both:  3,64 MB

MaxMetaspaceSize: unlimited
CompressedClassSpaceSize: 1,00 GB
Initial GC threshold: 21,00 MB
Current GC threshold: 58,75 MB
CDS: off
MetaspaceReclaimPolicy: balanced
 - commit_granule_bytes: 65536.
 - commit_granule_words: 8192.
 - virtual_space_node_default_size: 1048576.
 - enlarge_chunks_in_place: 1.
 - new_chunks_are_fully_committed: 0.
 - uncommit_free_chunks: 1.
 - use_allocation_guard: 0.
 - handle_deallocations: 1.


Internal statistics:

num_allocs_failed_limit: 6.
num_arena_births: 442.
num_arena_deaths: 0.
num_vsnodes_births: 6.
num_vsnodes_deaths: 0.
num_space_committed: 642.
num_space_uncommitted: 0.
num_chunks_returned_to_freelist: 6.
num_chunks_taken_from_freelist: 1547.
num_chunk_merges: 6.
num_chunk_splits: 1019.
num_chunks_enlarged: 726.
num_purges: 0.
num_inconsistent_stats: 0.

CodeCache: size=49152Kb used=7809Kb max_used=8775Kb free=41342Kb
 bounds [0x00007fce519b6000, 0x00007fce52256000, 0x00007fce549b6000]
 total_blobs=4423 nmethods=3920 adapters=431
 compilation: enabled
              stopped_count=0, restarted_count=0
 full_count=0

Compilation events (20 events):
Event: 61,055 Thread 0x00007fce581afc50 3911       1       sun.util.logging.internal.LoggingProviderImpl$JULWrapper::isLoggable (12 bytes)
Event: 61,055 Thread 0x00007fce581afc50 nmethod 3911 0x00007fce51d87f10 code [0x00007fce51d880c0, 0x00007fce51d88200]
Event: 62,362 Thread 0x00007fce581afc50 3912       1       java.util.concurrent.ThreadPoolExecutor::isShutdown (12 bytes)
Event: 62,362 Thread 0x00007fce581afc50 nmethod 3912 0x00007fce51d87b90 code [0x00007fce51d87d20, 0x00007fce51d87e10]
Event: 62,363 Thread 0x00007fce581afc50 3913       1       org.apache.catalina.LifecycleState::isAvailable (5 bytes)
Event: 62,364 Thread 0x00007fce581afc50 nmethod 3913 0x00007fce51d87890 code [0x00007fce51d87a20, 0x00007fce51d87af0]
Event: 64,719 Thread 0x00007fce581afc50 3914       1       java.util.concurrent.ScheduledThreadPoolExecutor::canRunInCurrentRunState (61 bytes)
Event: 64,720 Thread 0x00007fce581afc50 nmethod 3914 0x00007fce51d87210 code [0x00007fce51d873e0, 0x00007fce51d87680]
Event: 65,719 Thread 0x00007fce581afc50 3915       1       java.util.concurrent.locks.AbstractQueuedSynchronizer$ConditionNode::isReleasable (23 bytes)
Event: 65,720 Thread 0x00007fce581afc50 nmethod 3915 0x00007fce51d86e90 code [0x00007fce51d87020, 0x00007fce51d87110]
Event: 65,749 Thread 0x00007fce581afc50 3916   !   1       java.util.AbstractSet::equals (45 bytes)
Event: 65,749 Thread 0x00007fce581afc50 nmethod 3916 0x00007fce51d86890 code [0x00007fce51d86a80, 0x00007fce51d86d60]
Event: 66,719 Thread 0x00007fce581afc50 3917       1       java.util.concurrent.locks.ReentrantLock$NonfairSync::tryAcquire (27 bytes)
Event: 66,720 Thread 0x00007fce581afc50 nmethod 3917 0x00007fce51d86510 code [0x00007fce51d866a0, 0x00007fce51d86810]
Event: 66,750 Thread 0x00007fce581afc50 3918       1       org.springframework.boot.devtools.filewatch.DirectorySnapshot::filter (72 bytes)
Event: 66,751 Thread 0x00007fce581afc50 nmethod 3918 0x00007fce51d85c90 code [0x00007fce51d85ec0, 0x00007fce51d862b0]
Event: 67,719 Thread 0x00007fce581afc50 3919       1       java.util.concurrent.ScheduledThreadPoolExecutor$ScheduledFutureTask::getDelay (16 bytes)
Event: 67,719 Thread 0x00007fce581afc50 nmethod 3919 0x00007fce51d85910 code [0x00007fce51d85ac0, 0x00007fce51d85be0]
Event: 67,720 Thread 0x00007fce581afc50 3920       1       java.util.concurrent.TimeUnit::convert (77 bytes)
Event: 67,720 Thread 0x00007fce581afc50 nmethod 3920 0x00007fce51d85290 code [0x00007fce51d85480, 0x00007fce51d85720]

GC Heap History (20 events):
Event: 1,190 GC heap before
{Heap before GC invocations=2 (full 0):
 garbage-first heap   total 126976K, used 28732K [0x0000000084600000, 0x0000000100000000)
  region size 1024K, 25 young (25600K), 2 survivors (2048K)
 Metaspace       used 21298K, committed 21504K, reserved 1073152K
  class space    used 2403K, committed 2496K, reserved 1048576K
}
Event: 1,192 GC heap after
{Heap after GC invocations=3 (full 0):
 garbage-first heap   total 126976K, used 7062K [0x0000000084600000, 0x0000000100000000)
  region size 1024K, 2 young (2048K), 2 survivors (2048K)
 Metaspace       used 21298K, committed 21504K, reserved 1073152K
  class space    used 2403K, committed 2496K, reserved 1048576K
}
Event: 1,280 GC heap before
{Heap before GC invocations=4 (full 0):
 garbage-first heap   total 27648K, used 21398K [0x0000000084600000, 0x0000000100000000)
  region size 1024K, 18 young (18432K), 2 survivors (2048K)
 Metaspace       used 22839K, committed 23168K, reserved 1073152K
  class space    used 2651K, committed 2816K, reserved 1048576K
}
Event: 1,282 GC heap after
{Heap after GC invocations=5 (full 0):
 garbage-first heap   total 27648K, used 7454K [0x0000000084600000, 0x0000000100000000)
  region size 1024K, 3 young (3072K), 3 survivors (3072K)
 Metaspace       used 22839K, committed 23168K, reserved 1073152K
  class space    used 2651K, committed 2816K, reserved 1048576K
}
Event: 1,285 GC heap before
{Heap before GC invocations=5 (full 0):
 garbage-first heap   total 27648K, used 8478K [0x0000000084600000, 0x0000000100000000)
  region size 1024K, 4 young (4096K), 3 survivors (3072K)
 Metaspace       used 22904K, committed 23232K, reserved 1073152K
  class space    used 2659K, committed 2816K, reserved 1048576K
}
Event: 1,287 GC heap after
{Heap after GC invocations=6 (full 0):
 garbage-first heap   total 27648K, used 7651K [0x0000000084600000, 0x0000000100000000)
  region size 1024K, 1 young (1024K), 1 survivors (1024K)
 Metaspace       used 22904K, committed 23232K, reserved 1073152K
  class space    used 2659K, committed 2816K, reserved 1048576K
}
Event: 1,311 GC heap before
{Heap before GC invocations=6 (full 0):
 garbage-first heap   total 27648K, used 18915K [0x0000000084600000, 0x0000000100000000)
  region size 1024K, 13 young (13312K), 1 survivors (1024K)
 Metaspace       used 23894K, committed 24192K, reserved 1073152K
  class space    used 2755K, committed 2880K, reserved 1048576K
}
Event: 1,312 GC heap after
{Heap after GC invocations=7 (full 0):
 garbage-first heap   total 77824K, used 7496K [0x0000000084600000, 0x0000000100000000)
  region size 1024K, 1 young (1024K), 1 survivors (1024K)
 Metaspace       used 23894K, committed 24192K, reserved 1073152K
  class space    used 2755K, committed 2880K, reserved 1048576K
}
Event: 1,441 GC heap before
{Heap before GC invocations=7 (full 0):
 garbage-first heap   total 77824K, used 52552K [0x0000000084600000, 0x0000000100000000)
  region size 1024K, 45 young (46080K), 1 survivors (1024K)
 Metaspace       used 27946K, committed 28224K, reserved 1081344K
  class space    used 3272K, committed 3392K, reserved 1048576K
}
Event: 1,443 GC heap after
{Heap after GC invocations=8 (full 0):
 garbage-first heap   total 77824K, used 7947K [0x0000000084600000, 0x0000000100000000)
  region size 1024K, 2 young (2048K), 2 survivors (2048K)
 Metaspace       used 27946K, committed 28224K, reserved 1081344K
  class space    used 3272K, committed 3392K, reserved 1048576K
}
Event: 1,845 GC heap before
{Heap before GC invocations=8 (full 0):
 garbage-first heap   total 77824K, used 51979K [0x0000000084600000, 0x0000000100000000)
  region size 1024K, 45 young (46080K), 2 survivors (2048K)
 Metaspace       used 30343K, committed 30592K, reserved 1081344K
  class space    used 3637K, committed 3776K, reserved 1048576K
}
Event: 1,847 GC heap after
{Heap after GC invocations=9 (full 0):
 garbage-first heap   total 77824K, used 9466K [0x0000000084600000, 0x0000000100000000)
  region size 1024K, 3 young (3072K), 3 survivors (3072K)
 Metaspace       used 30343K, committed 30592K, reserved 1081344K
  class space    used 3637K, committed 3776K, reserved 1048576K
}
Event: 2,212 GC heap before
{Heap before GC invocations=9 (full 0):
 garbage-first heap   total 77824K, used 52474K [0x0000000084600000, 0x0000000100000000)
  region size 1024K, 45 young (46080K), 3 survivors (3072K)
 Metaspace       used 34354K, committed 34688K, reserved 1081344K
  class space    used 4199K, committed 4352K, reserved 1048576K
}
Event: 2,216 GC heap after
{Heap after GC invocations=10 (full 0):
 garbage-first heap   total 77824K, used 11605K [0x0000000084600000, 0x0000000100000000)
  region size 1024K, 5 young (5120K), 5 survivors (5120K)
 Metaspace       used 34354K, committed 34688K, reserved 1081344K
  class space    used 4199K, committed 4352K, reserved 1048576K
}
Event: 2,334 GC heap before
{Heap before GC invocations=10 (full 0):
 garbage-first heap   total 77824K, used 25941K [0x0000000084600000, 0x0000000100000000)
  region size 1024K, 20 young (20480K), 5 survivors (5120K)
 Metaspace       used 35615K, committed 35968K, reserved 1081344K
  class space    used 4349K, committed 4544K, reserved 1048576K
}
Event: 2,338 GC heap after
{Heap after GC invocations=11 (full 0):
 garbage-first heap   total 77824K, used 12699K [0x0000000084600000, 0x0000000100000000)
  region size 1024K, 4 young (4096K), 4 survivors (4096K)
 Metaspace       used 35615K, committed 35968K, reserved 1081344K
  class space    used 4349K, committed 4544K, reserved 1048576K
}
Event: 2,621 GC heap before
{Heap before GC invocations=12 (full 0):
 garbage-first heap   total 51200K, used 42395K [0x0000000084600000, 0x0000000100000000)
  region size 1024K, 34 young (34816K), 4 survivors (4096K)
 Metaspace       used 38034K, committed 38400K, reserved 1089536K
  class space    used 4697K, committed 4864K, reserved 1048576K
}
Event: 2,626 GC heap after
{Heap after GC invocations=13 (full 0):
 garbage-first heap   total 61440K, used 14379K [0x0000000084600000, 0x0000000100000000)
  region size 1024K, 3 young (3072K), 3 survivors (3072K)
 Metaspace       used 38034K, committed 38400K, reserved 1089536K
  class space    used 4697K, committed 4864K, reserved 1048576K
}
Event: 2,638 GC heap before
{Heap before GC invocations=13 (full 0):
 garbage-first heap   total 61440K, used 15403K [0x0000000084600000, 0x0000000100000000)
  region size 1024K, 4 young (4096K), 3 survivors (3072K)
 Metaspace       used 38126K, committed 38464K, reserved 1089536K
  class space    used 4711K, committed 4864K, reserved 1048576K
}
Event: 2,642 GC heap after
{Heap after GC invocations=14 (full 0):
 garbage-first heap   total 61440K, used 14499K [0x0000000084600000, 0x0000000100000000)
  region size 1024K, 1 young (1024K), 1 survivors (1024K)
 Metaspace       used 38126K, committed 38464K, reserved 1089536K
  class space    used 4711K, committed 4864K, reserved 1048576K
}

Deoptimization events (20 events):
Event: 38,515 Thread 0x00007fcdb8819330 DEOPT PACKING pc=0x00007fce51ff80f4 sp=0x00007fcdfc7fc270
Event: 38,515 Thread 0x00007fcdb8819330 DEOPT UNPACKING pc=0x00007fce51a0882f sp=0x00007fcdfc7fb828 mode 1
Event: 38,515 Thread 0x00007fcdb8819330 DEOPT PACKING pc=0x00007fce51ff98ec sp=0x00007fcdfc7fac70
Event: 38,515 Thread 0x00007fcdb8819330 DEOPT UNPACKING pc=0x00007fce51a0882f sp=0x00007fcdfc7fa1c8 mode 1
Event: 38,516 Thread 0x00007fcdb8819330 DEOPT PACKING pc=0x00007fce51ffae54 sp=0x00007fcdfc7fad60
Event: 38,516 Thread 0x00007fcdb8819330 DEOPT UNPACKING pc=0x00007fce51a0882f sp=0x00007fcdfc7fa318 mode 1
Event: 38,516 Thread 0x00007fcdb8819330 DEOPT PACKING pc=0x00007fce51ffbf94 sp=0x00007fcdfc7faeb0
Event: 38,516 Thread 0x00007fcdb8819330 DEOPT UNPACKING pc=0x00007fce51a0882f sp=0x00007fcdfc7fa4a0 mode 1
Event: 38,516 Thread 0x00007fcdb8819330 DEOPT PACKING pc=0x00007fce51dd0e54 sp=0x00007fcdfc7fa640
Event: 38,516 Thread 0x00007fcdb8819330 DEOPT UNPACKING pc=0x00007fce51a0882f sp=0x00007fcdfc7f9af8 mode 1
Event: 38,516 Thread 0x00007fcdb8819330 DEOPT PACKING pc=0x00007fce51dc649c sp=0x00007fcdfc7fa710
Event: 38,516 Thread 0x00007fcdb8819330 DEOPT UNPACKING pc=0x00007fce51a0882f sp=0x00007fcdfc7f9be8 mode 1
Event: 38,516 Thread 0x00007fcdb8819330 DEOPT PACKING pc=0x00007fce51cea0f4 sp=0x00007fcdfc7faf00
Event: 38,516 Thread 0x00007fcdb8819330 DEOPT UNPACKING pc=0x00007fce51a0882f sp=0x00007fcdfc7fa410 mode 1
Event: 38,516 Thread 0x00007fcdb8819330 DEOPT PACKING pc=0x00007fce51dc649c sp=0x00007fcdfc7fb070
Event: 38,516 Thread 0x00007fcdb8819330 DEOPT UNPACKING pc=0x00007fce51a0882f sp=0x00007fcdfc7fa548 mode 1
Event: 38,516 Thread 0x00007fcdb8819330 DEOPT PACKING pc=0x00007fce51cea0f4 sp=0x00007fcdfc7fb860
Event: 38,516 Thread 0x00007fcdb8819330 DEOPT UNPACKING pc=0x00007fce51a0882f sp=0x00007fcdfc7fad70 mode 1
Event: 38,516 Thread 0x00007fcdb8819330 DEOPT PACKING pc=0x00007fce51cea0f4 sp=0x00007fcdfc7fc280
Event: 38,516 Thread 0x00007fcdb8819330 DEOPT UNPACKING pc=0x00007fce51a0882f sp=0x00007fcdfc7fb790 mode 1

Classes unloaded (0 events):
No events

Classes redefined (1 events):
Event: 68,715 Thread 0x00007fce58135360 redefined class name=br.com.brevio.models.Romanos, count=1

Internal exceptions (20 events):
Event: 2,411 Thread 0x00007fcdc4008110 Exception <a 'java/lang/ClassNotFoundException'{0x0000000086ed0d30}: org/springframework/web/servlet/config/annotation/DelegatingWebMvcConfigurationCustomizer> (0x0000000086ed0d30) 
thrown [src/hotspot/share/classfile/systemDictionary.cpp, line 256]
Event: 2,412 Thread 0x00007fcdc4008110 Exception <a 'java/lang/ClassNotFoundException'{0x0000000086edb340}: org/springframework/boot/autoconfigure/web/servlet/WebMvcAutoConfiguration$EnableWebMvcConfigurationCustomizer> (0x0000000086edb340) 
thrown [src/hotspot/share/classfile/systemDictionary.cpp, line 256]
Event: 2,413 Thread 0x00007fcdc4008110 Exception <a 'java/lang/ClassNotFoundException'{0x0000000086ef0318}: org/springframework/context/ResourceLoaderAwareCustomizer> (0x0000000086ef0318) 
thrown [src/hotspot/share/classfile/systemDictionary.cpp, line 256]
Event: 2,413 Thread 0x00007fcdc4008110 Exception <a 'java/lang/ClassNotFoundException'{0x0000000086ef5c48}: org/springframework/beans/factory/AwareCustomizer> (0x0000000086ef5c48) 
thrown [src/hotspot/share/classfile/systemDictionary.cpp, line 256]
Event: 2,414 Thread 0x00007fcdc4008110 Exception <a 'java/lang/ClassNotFoundException'{0x0000000086efa900}: org/springframework/context/ApplicationContextAwareCustomizer> (0x0000000086efa900) 
thrown [src/hotspot/share/classfile/systemDictionary.cpp, line 256]
Event: 2,414 Thread 0x00007fcdc4008110 Exception <a 'java/lang/ClassNotFoundException'{0x0000000086d00d88}: org/springframework/beans/factory/AwareCustomizer> (0x0000000086d00d88) 
thrown [src/hotspot/share/classfile/systemDictionary.cpp, line 256]
Event: 2,415 Thread 0x00007fcdc4008110 Exception <a 'java/lang/ClassNotFoundException'{0x0000000086d05a18}: org/springframework/web/context/ServletContextAwareCustomizer> (0x0000000086d05a18) 
thrown [src/hotspot/share/classfile/systemDictionary.cpp, line 256]
Event: 2,415 Thread 0x00007fcdc4008110 Exception <a 'java/lang/ClassNotFoundException'{0x0000000086d0b780}: org/springframework/beans/factory/AwareCustomizer> (0x0000000086d0b780) 
thrown [src/hotspot/share/classfile/systemDictionary.cpp, line 256]
Event: 2,494 Thread 0x00007fcdc4008110 Exception <a 'java/lang/NoSuchMethodError'{0x00000000866d1d28}: 'void java.lang.invoke.DirectMethodHandle$Holder.invokeVirtual(java.lang.Object, java.lang.Object, int)'> (0x00000000866d1d28) 
thrown [src/hotspot/share/interpreter/linkResolver.cpp, line 766]
Event: 2,496 Thread 0x00007fcdc4008110 Exception <a 'java/lang/NoSuchMethodError'{0x00000000866ec688}: 'void java.lang.invoke.DirectMethodHandle$Holder.invokeVirtual(java.lang.Object, java.lang.Object, long)'> (0x00000000866ec688) 
thrown [src/hotspot/share/interpreter/linkResolver.cpp, line 766]
Event: 2,584 Thread 0x00007fcdc4008110 Exception <a 'java/lang/IncompatibleClassChangeError'{0x0000000085ac4aa8}: Found class java.lang.Object, but interface was expected> (0x0000000085ac4aa8) 
thrown [src/hotspot/share/interpreter/linkResolver.cpp, line 833]
Event: 2,607 Thread 0x00007fcdc4008110 Exception <a 'java/lang/NoSuchMethodError'{0x0000000085764298}: 'int java.lang.invoke.DirectMethodHandle$Holder.invokeStaticInit(java.lang.Object, java.lang.Object, java.lang.Object, java.lang.Object)'> (0x0000000085764298) 
thrown [src/hotspot/share/interpreter/linkResolver.cpp, line 766]
Event: 2,635 Thread 0x00007fcdf0002450 Exception <a 'java/lang/reflect/InvocationTargetException'{0x000000008c1ce690}> (0x000000008c1ce690) 
thrown [src/hotspot/share/runtime/reflection.cpp, line 1121]
Event: 2,703 Thread 0x00007fcdc4008110 Exception <a 'java/lang/NoSuchMethodError'{0x0000000087b8d788}: 'java.lang.Object java.lang.invoke.DirectMethodHandle$Holder.newInvokeSpecial(java.lang.Object, java.lang.Object, int, java.lang.Object, java.lang.Object)'> (0x0000000087b8d788) 
thrown [src/hotspot/share/interpreter/linkResolver.cpp, line 766]
Event: 2,704 Thread 0x00007fcdc4008110 Exception <a 'java/lang/NoSuchMethodError'{0x0000000087b98fd8}: 'java.lang.Object java.lang.invoke.DirectMethodHandle$Holder.invokeSpecial(java.lang.Object, java.lang.Object, int, java.lang.Object, int, java.lang.Object)'> (0x0000000087b98fd8) 
thrown [src/hotspot/share/interpreter/linkResolver.cpp, line 766]
Event: 2,705 Thread 0x00007fcdc4008110 Exception <a 'java/lang/NoSuchMethodError'{0x0000000087ba1080}: 'java.lang.Object java.lang.invoke.DirectMethodHandle$Holder.newInvokeSpecial(java.lang.Object, java.lang.Object, int, java.lang.Object, int)'> (0x0000000087ba1080) 
thrown [src/hotspot/share/interpreter/linkResolver.cpp, line 766]
Event: 2,705 Thread 0x00007fcdc4008110 Exception <a 'java/lang/NoSuchMethodError'{0x0000000087ba5180}: 'java.lang.Object java.lang.invoke.DirectMethodHandle$Holder.invokeSpecial(java.lang.Object, java.lang.Object, java.lang.Object, int, java.lang.Object, int)'> (0x0000000087ba5180) 
thrown [src/hotspot/share/interpreter/linkResolver.cpp, line 766]
Event: 2,706 Thread 0x00007fcdc4008110 Exception <a 'java/lang/NoSuchMethodError'{0x0000000087bb48c0}: 'void java.lang.invoke.DirectMethodHandle$Holder.invokeVirtual(java.lang.Object, java.lang.Object)'> (0x0000000087bb48c0) 
thrown [src/hotspot/share/interpreter/linkResolver.cpp, line 766]
Event: 38,466 Thread 0x00007fcdb8819330 Exception <a 'java/lang/reflect/InvocationTargetException'{0x0000000086724ad8}> (0x0000000086724ad8) 
thrown [src/hotspot/share/runtime/reflection.cpp, line 1121]
Event: 38,477 Thread 0x00007fcdb8819330 Exception <a 'java/lang/NoClassDefFoundError'{0x00000000867d88b0}: sun/reflect/Reflection> (0x00000000867d88b0) 
thrown [src/hotspot/share/classfile/systemDictionary.cpp, line 245]

VM Operations (20 events):
Event: 68,768 Executing VM operation: get/set locals
Event: 68,768 Executing VM operation: get/set locals done
Event: 68,770 Executing VM operation: ChangeSingleStep
Event: 68,770 Executing VM operation: ChangeSingleStep done
Event: 68,771 Executing VM operation: GetObjectMonitorUsage
Event: 68,771 Executing VM operation: GetObjectMonitorUsage done
Event: 68,771 Executing VM operation: GetObjectMonitorUsage
Event: 68,771 Executing VM operation: GetObjectMonitorUsage done
Event: 68,772 Executing VM operation: GetObjectMonitorUsage
Event: 68,772 Executing VM operation: GetObjectMonitorUsage done
Event: 68,772 Executing VM operation: GetObjectMonitorUsage
Event: 68,772 Executing VM operation: GetObjectMonitorUsage done
Event: 68,777 Executing VM operation: GetObjectMonitorUsage
Event: 68,777 Executing VM operation: GetObjectMonitorUsage done
Event: 68,777 Executing VM operation: GetObjectMonitorUsage
Event: 68,777 Executing VM operation: GetObjectMonitorUsage done
Event: 68,778 Executing VM operation: GetObjectMonitorUsage
Event: 68,778 Executing VM operation: GetObjectMonitorUsage done
Event: 68,778 Executing VM operation: GetObjectMonitorUsage
Event: 68,778 Executing VM operation: GetObjectMonitorUsage done

Events (20 events):
Event: 21,648 loading class java/time/temporal/TemporalQueries$3
Event: 21,648 loading class java/time/temporal/TemporalQueries$3 done
Event: 21,648 loading class java/time/temporal/TemporalQueries$4
Event: 21,648 loading class java/time/temporal/TemporalQueries$4 done
Event: 21,648 loading class java/time/temporal/TemporalQueries$5
Event: 21,648 loading class java/time/temporal/TemporalQueries$5 done
Event: 21,648 loading class java/time/temporal/TemporalQueries$6
Event: 21,649 loading class java/time/temporal/TemporalQueries$6 done
Event: 21,649 loading class java/time/temporal/TemporalQueries$7
Event: 21,649 loading class java/time/temporal/TemporalQueries$7 done
Event: 21,649 loading class java/time/format/DateTimeFormatterBuilder$ReducedPrinterParser
Event: 21,649 loading class java/time/format/DateTimeFormatterBuilder$ReducedPrinterParser done
Event: 38,477 loading class sun/reflect/Reflection
Event: 38,477 loading class sun/reflect/Reflection done
Event: 38,481 loading class jdk/internal/loader/BootLoader$PackageHelper
Event: 38,482 loading class jdk/internal/loader/BootLoader$PackageHelper done
Event: 38,500 loading class java/lang/Throwable$WrappedPrintWriter
Event: 38,500 loading class java/lang/Throwable$WrappedPrintWriter done
Event: 38,537 loading class java/nio/StringCharBuffer
Event: 38,538 loading class java/nio/StringCharBuffer done


Dynamic libraries:
84600000-87d00000 rw-p 00000000 00:00 0 
87d00000-87f00000 ---p 00000000 00:00 0 
87f00000-88300000 rw-p 00000000 00:00 0 
88300000-8c100000 ---p 00000000 00:00 0 
8c100000-8c200000 rw-p 00000000 00:00 0 
8c200000-100000000 ---p 00000000 00:00 0 
100000000-100020000 rw-p 00000000 00:00 0 
100020000-100040000 rw-p 00000000 00:00 0 
100040000-100100000 rw-p 00000000 00:00 0 
100100000-100120000 rw-p 00000000 00:00 0 
100120000-100140000 rw-p 00000000 00:00 0 
100140000-1001c0000 rw-p 00000000 00:00 0 
1001c0000-100200000 rw-p 00000000 00:00 0 
100200000-1002c0000 rw-p 00000000 00:00 0 
1002c0000-100300000 rw-p 00000000 00:00 0 
100300000-100520000 rw-p 00000000 00:00 0 
100520000-140000000 ---p 00000000 00:00 0 
55be92c00000-55be92c01000 r-xp 00000000 08:05 6292938                    /opt/ides/sts-4.14.0.RELEASE/plugins/org.eclipse.justj.openjdk.hotspot.jre.full.linux.x86_64_17.0.2.v20220201-1208/jre/bin/java
55be92e01000-55be92e02000 r--p 00001000 08:05 6292938                    /opt/ides/sts-4.14.0.RELEASE/plugins/org.eclipse.justj.openjdk.hotspot.jre.full.linux.x86_64_17.0.2.v20220201-1208/jre/bin/java
55be92e02000-55be92e03000 rw-p 00002000 08:05 6292938                    /opt/ides/sts-4.14.0.RELEASE/plugins/org.eclipse.justj.openjdk.hotspot.jre.full.linux.x86_64_17.0.2.v20220201-1208/jre/bin/java
55be9409f000-55be940c0000 rw-p 00000000 00:00 0                          [heap]
7fcd44000000-7fcd44021000 rw-p 00000000 00:00 0 
7fcd44021000-7fcd48000000 ---p 00000000 00:00 0 
7fcd4c000000-7fcd4c021000 rw-p 00000000 00:00 0 
7fcd4c021000-7fcd50000000 ---p 00000000 00:00 0 
7fcd50000000-7fcd50021000 rw-p 00000000 00:00 0 
7fcd50021000-7fcd54000000 ---p 00000000 00:00 0 
7fcd54000000-7fcd54021000 rw-p 00000000 00:00 0 
7fcd54021000-7fcd58000000 ---p 00000000 00:00 0 
7fcd58000000-7fcd58021000 rw-p 00000000 00:00 0 
7fcd58021000-7fcd5c000000 ---p 00000000 00:00 0 
7fcd5c000000-7fcd5c021000 rw-p 00000000 00:00 0 
7fcd5c021000-7fcd60000000 ---p 00000000 00:00 0 
7fcd60000000-7fcd60021000 rw-p 00000000 00:00 0 
7fcd60021000-7fcd64000000 ---p 00000000 00:00 0 
7fcd64000000-7fcd64021000 rw-p 00000000 00:00 0 
7fcd64021000-7fcd68000000 ---p 00000000 00:00 0 
7fcd68000000-7fcd68021000 rw-p 00000000 00:00 0 
7fcd68021000-7fcd6c000000 ---p 00000000 00:00 0 
7fcd6c000000-7fcd6c021000 rw-p 00000000 00:00 0 
7fcd6c021000-7fcd70000000 ---p 00000000 00:00 0 
7fcd70000000-7fcd70021000 rw-p 00000000 00:00 0 
7fcd70021000-7fcd74000000 ---p 00000000 00:00 0 
7fcd74000000-7fcd74021000 rw-p 00000000 00:00 0 
7fcd74021000-7fcd78000000 ---p 00000000 00:00 0 
7fcd78000000-7fcd78021000 rw-p 00000000 00:00 0 
7fcd78021000-7fcd7c000000 ---p 00000000 00:00 0 
7fcd7c000000-7fcd7c021000 rw-p 00000000 00:00 0 
7fcd7c021000-7fcd80000000 ---p 00000000 00:00 0 
7fcd80000000-7fcd80021000 rw-p 00000000 00:00 0 
7fcd80021000-7fcd84000000 ---p 00000000 00:00 0 
7fcd84000000-7fcd84021000 rw-p 00000000 00:00 0 
7fcd84021000-7fcd88000000 ---p 00000000 00:00 0 
7fcd88000000-7fcd88021000 rw-p 00000000 00:00 0 
7fcd88021000-7fcd8c000000 ---p 00000000 00:00 0 
7fcd8c000000-7fcd8c021000 rw-p 00000000 00:00 0 
7fcd8c021000-7fcd90000000 ---p 00000000 00:00 0 
7fcd90000000-7fcd9007a000 rw-p 00000000 00:00 0 
7fcd9007a000-7fcd94000000 ---p 00000000 00:00 0 
7fcd94000000-7fcd94021000 rw-p 00000000 00:00 0 
7fcd94021000-7fcd98000000 ---p 00000000 00:00 0 
7fcd98000000-7fcd98021000 rw-p 00000000 00:00 0 
7fcd98021000-7fcd9c000000 ---p 00000000 00:00 0 
7fcd9e815000-7fcd9ec00000 rw-p 00000000 00:00 0 
7fcd9ec00000-7fcd9ec04000 ---p 00000000 00:00 0 
7fcd9ec04000-7fcd9ed00000 rw-p 00000000 00:00 0 
7fcd9ed00000-7fcd9ed04000 ---p 00000000 00:00 0 
7fcd9ed04000-7fcd9ee00000 rw-p 00000000 00:00 0 
7fcd9ee00000-7fcd9ee04000 ---p 00000000 00:00 0 
7fcd9ee04000-7fcd9ef00000 rw-p 00000000 00:00 0 
7fcd9ef00000-7fcd9ef04000 ---p 00000000 00:00 0 
7fcd9ef04000-7fcd9f000000 rw-p 00000000 00:00 0 
7fcd9f000000-7fcd9f004000 ---p 00000000 00:00 0 
7fcd9f004000-7fcd9f100000 rw-p 00000000 00:00 0 
7fcd9f100000-7fcd9f104000 ---p 00000000 00:00 0 
7fcd9f104000-7fcd9f200000 rw-p 00000000 00:00 0 
7fcd9f200000-7fcd9f204000 ---p 00000000 00:00 0 
7fcd9f204000-7fcd9f300000 rw-p 00000000 00:00 0 
7fcd9f300000-7fcd9f304000 ---p 00000000 00:00 0 
7fcd9f304000-7fcd9f750000 rw-p 00000000 00:00 0 
7fcd9f750000-7fcd9fc00000 ---p 00000000 00:00 0 
7fcd9fc00000-7fcd9fc04000 ---p 00000000 00:00 0 
7fcd9fc04000-7fcd9fd00000 rw-p 00000000 00:00 0 
7fcd9fd00000-7fcd9fd04000 ---p 00000000 00:00 0 
7fcd9fd04000-7fcd9fe00000 rw-p 00000000 00:00 0 
7fcd9fe00000-7fcd9fe04000 ---p 00000000 00:00 0 
7fcd9fe04000-7fcd9ff00000 rw-p 00000000 00:00 0 
7fcd9ff00000-7fcd9ff04000 ---p 00000000 00:00 0 
7fcd9ff04000-7fcda0000000 rw-p 00000000 00:00 0 
7fcda0000000-7fcda02a5000 rw-p 00000000 00:00 0 
7fcda02a5000-7fcda4000000 ---p 00000000 00:00 0 
7fcda4000000-7fcda4021000 rw-p 00000000 00:00 0 
7fcda4021000-7fcda8000000 ---p 00000000 00:00 0 
7fcda8000000-7fcda8021000 rw-p 00000000 00:00 0 
7fcda8021000-7fcdac000000 ---p 00000000 00:00 0 
7fcdac000000-7fcdac021000 rw-p 00000000 00:00 0 
7fcdac021000-7fcdb0000000 ---p 00000000 00:00 0 
7fcdb0000000-7fcdb0030000 rw-p 00000000 00:00 0 
7fcdb0030000-7fcdb4000000 ---p 00000000 00:00 0 
7fcdb4000000-7fcdb4021000 rw-p 00000000 00:00 0 
7fcdb4021000-7fcdb8000000 ---p 00000000 00:00 0 
7fcdb8000000-7fcdb883a000 rw-p 00000000 00:00 0 
7fcdb883a000-7fcdbc000000 ---p 00000000 00:00 0 
7fcdbc000000-7fcdbc021000 rw-p 00000000 00:00 0 
7fcdbc021000-7fcdc0000000 ---p 00000000 00:00 0 
7fcdc0000000-7fcdc0021000 rw-p 00000000 00:00 0 
7fcdc0021000-7fcdc4000000 ---p 00000000 00:00 0 
7fcdc4000000-7fcdc4021000 rw-p 00000000 00:00 0 
7fcdc4021000-7fcdc8000000 ---p 00000000 00:00 0 
7fcdc8000000-7fcdc8021000 rw-p 00000000 00:00 0 
7fcdc8021000-7fcdcc000000 ---p 00000000 00:00 0 
7fcdcc000000-7fcdcc021000 rw-p 00000000 00:00 0 
7fcdcc021000-7fcdd0000000 ---p 00000000 00:00 0 
7fcdd0000000-7fcdd0021000 rw-p 00000000 00:00 0 
7fcdd0021000-7fcdd4000000 ---p 00000000 00:00 0 
7fcdd4000000-7fcdd4021000 rw-p 00000000 00:00 0 
7fcdd4021000-7fcdd8000000 ---p 00000000 00:00 0 
7fcdd8000000-7fcdd8021000 rw-p 00000000 00:00 0 
7fcdd8021000-7fcddc000000 ---p 00000000 00:00 0 
7fcddc000000-7fcddc021000 rw-p 00000000 00:00 0 
7fcddc021000-7fcde0000000 ---p 00000000 00:00 0 
7fcde0000000-7fcde0081000 rw-p 00000000 00:00 0 
7fcde0081000-7fcde4000000 ---p 00000000 00:00 0 
7fcde4000000-7fcde4021000 rw-p 00000000 00:00 0 
7fcde4021000-7fcde8000000 ---p 00000000 00:00 0 
7fcde8000000-7fcde8021000 rw-p 00000000 00:00 0 
7fcde8021000-7fcdec000000 ---p 00000000 00:00 0 
7fcdec000000-7fcdec021000 rw-p 00000000 00:00 0 
7fcdec021000-7fcdf0000000 ---p 00000000 00:00 0 
7fcdf0000000-7fcdf0021000 rw-p 00000000 00:00 0 
7fcdf0021000-7fcdf4000000 ---p 00000000 00:00 0 
7fcdf4000000-7fcdf4021000 rw-p 00000000 00:00 0 
7fcdf4021000-7fcdf8000000 ---p 00000000 00:00 0 
7fcdf8000000-7fcdf8021000 rw-p 00000000 00:00 0 
7fcdf8021000-7fcdfc000000 ---p 00000000 00:00 0 
7fcdfc000000-7fcdfc004000 ---p 00000000 00:00 0 
7fcdfc004000-7fcdfc100000 rw-p 00000000 00:00 0 
7fcdfc100000-7fcdfc104000 ---p 00000000 00:00 0 
7fcdfc104000-7fcdfc200000 rw-p 00000000 00:00 0 
7fcdfc200000-7fcdfc204000 ---p 00000000 00:00 0 
7fcdfc204000-7fcdfc300000 rw-p 00000000 00:00 0 
7fcdfc300000-7fcdfc304000 ---p 00000000 00:00 0 
7fcdfc304000-7fcdfc400000 rw-p 00000000 00:00 0 
7fcdfc400000-7fcdfc404000 ---p 00000000 00:00 0 
7fcdfc404000-7fcdfc500000 rw-p 00000000 00:00 0 
7fcdfc500000-7fcdfc504000 ---p 00000000 00:00 0 
7fcdfc504000-7fcdfc600000 rw-p 00000000 00:00 0 
7fcdfc600000-7fcdfc604000 ---p 00000000 00:00 0 
7fcdfc604000-7fcdfc700000 rw-p 00000000 00:00 0 
7fcdfc700000-7fcdfc704000 ---p 00000000 00:00 0 
7fcdfc704000-7fcdfc800000 rw-p 00000000 00:00 0 
7fcdfc800000-7fcdfc804000 ---p 00000000 00:00 0 
7fcdfc804000-7fcdfc900000 rw-p 00000000 00:00 0 
7fcdfc900000-7fcdfc904000 ---p 00000000 00:00 0 
7fcdfc904000-7fcdfca00000 rw-p 00000000 00:00 0 
7fcdfca00000-7fcdfca04000 ---p 00000000 00:00 0 
7fcdfca04000-7fcdfcb00000 rw-p 00000000 00:00 0 
7fcdfcb00000-7fcdfcb04000 ---p 00000000 00:00 0 
7fcdfcb04000-7fcdfcfc0000 rw-p 00000000 00:00 0 
7fcdfcfc0000-7fcdfd000000 rw-p 00000000 00:00 0 
7fcdfd000000-7fcdfd1e0000 rw-p 00000000 00:00 0 
7fcdfd1e0000-7fcdfd200000 rw-p 00000000 00:00 0 
7fcdfd200000-7fcdfd300000 rw-p 00000000 00:00 0 
7fcdfd300000-7fcdfd3b0000 rw-p 00000000 00:00 0 
7fcdfd3b0000-7fcdfd400000 ---p 00000000 00:00 0 
7fcdfd4fe000-7fcdfd502000 ---p 00000000 00:00 0 
7fcdfd502000-7fcdfd5fe000 rw-p 00000000 00:00 0 
7fcdfd5fe000-7fcdfd5ff000 ---p 00000000 00:00 0 
7fcdfd5ff000-7fcdfd700000 rw-p 00000000 00:00 0 
7fcdfd700000-7fcdfd704000 ---p 00000000 00:00 0 
7fcdfd704000-7fcdfd900000 rw-p 00000000 00:00 0 
7fcdfd900000-7fcdfda00000 rw-p 00000000 00:00 0 
7fcdfda00000-7fcdfe000000 rw-p 00000000 00:00 0 
7fcdfe03e000-7fcdfe0d5000 rw-p 00000000 00:00 0 
7fcdfe0d5000-7fcdfe0d9000 ---p 00000000 00:00 0 
7fcdfe0d9000-7fcdfe1d5000 rw-p 00000000 00:00 0 
7fcdfe1d5000-7fcdfe1d9000 ---p 00000000 00:00 0 
7fcdfe1d9000-7fcdfe2d5000 rw-p 00000000 00:00 0 
7fcdfe2d5000-7fcdfe2d9000 ---p 00000000 00:00 0 
7fcdfe2d9000-7fcdfe3d5000 rw-p 00000000 00:00 0 
7fcdfe3d5000-7fcdfe3d9000 ---p 00000000 00:00 0 
7fcdfe3d9000-7fcdfe4d5000 rw-p 00000000 00:00 0 
7fcdfe4d5000-7fcdfe4d9000 ---p 00000000 00:00 0 
7fcdfe4d9000-7fcdfe5d5000 rw-p 00000000 00:00 0 
7fcdfe5d5000-7fcdfe5d6000 ---p 00000000 00:00 0 
7fcdfe5d6000-7fcdfe6d7000 rw-p 00000000 00:00 0 
7fcdfe6d7000-7fcdfe6d8000 ---p 00000000 00:00 0 
7fcdfe6d8000-7fcdfe7d9000 rw-p 00000000 00:00 0 
7fcdfe7d9000-7fcdfe7da000 ---p 00000000 00:00 0 
7fcdfe7da000-7fcdfe8db000 rw-p 00000000 00:00 0 
7fcdfe8db000-7fcdfe8dc000 ---p 00000000 00:00 0 
7fcdfe8dc000-7fcdfe9dd000 rw-p 00000000 00:00 0 
7fcdfe9dd000-7fcdfe9de000 ---p 00000000 00:00 0 
7fcdfe9de000-7fcdfeadf000 rw-p 00000000 00:00 0 
7fcdfeadf000-7fcdfeae0000 ---p 00000000 00:00 0 
7fcdfeae0000-7fcdfebe1000 rw-p 00000000 00:00 0 
7fcdfebe1000-7fcdfebe2000 ---p 00000000 00:00 0 
7fcdfebe2000-7fcdfece3000 rw-p 00000000 00:00 0 
7fcdfece3000-7fcdfece4000 ---p 00000000 00:00 0 
7fcdfece4000-7fcdfede5000 rw-p 00000000 00:00 0 
7fcdfede5000-7fcdfede9000 ---p 00000000 00:00 0 
7fcdfede9000-7fcdfeee5000 rw-p 00000000 00:00 0 
7fcdfeee5000-7fcdfeee6000 ---p 00000000 00:00 0 
7fcdfeee6000-7fcdfefe7000 rw-p 00000000 00:00 0 
7fcdfefe7000-7fcdfefeb000 ---p 00000000 00:00 0 
7fcdfefeb000-7fcdff0e7000 rw-p 00000000 00:00 0 
7fcdff0e7000-7fcdff0f4000 r-xp 00000000 08:05 6292971                    /opt/ides/sts-4.14.0.RELEASE/plugins/org.eclipse.justj.openjdk.hotspot.jre.full.linux.x86_64_17.0.2.v20220201-1208/jre/lib/libverify.so
7fcdff0f4000-7fcdff2f3000 ---p 0000d000 08:05 6292971                    /opt/ides/sts-4.14.0.RELEASE/plugins/org.eclipse.justj.openjdk.hotspot.jre.full.linux.x86_64_17.0.2.v20220201-1208/jre/lib/libverify.so
7fcdff2f3000-7fcdff2f5000 r--p 0000c000 08:05 6292971                    /opt/ides/sts-4.14.0.RELEASE/plugins/org.eclipse.justj.openjdk.hotspot.jre.full.linux.x86_64_17.0.2.v20220201-1208/jre/lib/libverify.so
7fcdff2f5000-7fcdff2f6000 rw-p 0000e000 08:05 6292971                    /opt/ides/sts-4.14.0.RELEASE/plugins/org.eclipse.justj.openjdk.hotspot.jre.full.linux.x86_64_17.0.2.v20220201-1208/jre/lib/libverify.so
7fcdff2f6000-7fcdff2fa000 ---p 00000000 00:00 0 
7fcdff2fa000-7fcdff3f6000 rw-p 00000000 00:00 0 
7fcdff3f6000-7fcdff3f8000 r-xp 00000000 08:05 6293005                    /opt/ides/sts-4.14.0.RELEASE/plugins/org.eclipse.justj.openjdk.hotspot.jre.full.linux.x86_64_17.0.2.v20220201-1208/jre/lib/libextnet.so
7fcdff3f8000-7fcdff5f7000 ---p 00002000 08:05 6293005                    /opt/ides/sts-4.14.0.RELEASE/plugins/org.eclipse.justj.openjdk.hotspot.jre.full.linux.x86_64_17.0.2.v20220201-1208/jre/lib/libextnet.so
7fcdff5f7000-7fcdff5f8000 r--p 00001000 08:05 6293005                    /opt/ides/sts-4.14.0.RELEASE/plugins/org.eclipse.justj.openjdk.hotspot.jre.full.linux.x86_64_17.0.2.v20220201-1208/jre/lib/libextnet.so
7fcdff5f8000-7fcdff5f9000 rw-p 00002000 08:05 6293005                    /opt/ides/sts-4.14.0.RELEASE/plugins/org.eclipse.justj.openjdk.hotspot.jre.full.linux.x86_64_17.0.2.v20220201-1208/jre/lib/libextnet.so
7fcdff5f9000-7fcdff5fe000 r-xp 00000000 08:05 6292986                    /opt/ides/sts-4.14.0.RELEASE/plugins/org.eclipse.justj.openjdk.hotspot.jre.full.linux.x86_64_17.0.2.v20220201-1208/jre/lib/libmanagement_ext.so
7fcdff5fe000-7fcdff7fe000 ---p 00005000 08:05 6292986                    /opt/ides/sts-4.14.0.RELEASE/plugins/org.eclipse.justj.openjdk.hotspot.jre.full.linux.x86_64_17.0.2.v20220201-1208/jre/lib/libmanagement_ext.so
7fcdff7fe000-7fcdff7ff000 r--p 00005000 08:05 6292986                    /opt/ides/sts-4.14.0.RELEASE/plugins/org.eclipse.justj.openjdk.hotspot.jre.full.linux.x86_64_17.0.2.v20220201-1208/jre/lib/libmanagement_ext.so
7fcdff7ff000-7fcdff800000 rw-p 00006000 08:05 6292986                    /opt/ides/sts-4.14.0.RELEASE/plugins/org.eclipse.justj.openjdk.hotspot.jre.full.linux.x86_64_17.0.2.v20220201-1208/jre/lib/libmanagement_ext.so
7fcdff800000-7fcdff840000 rw-p 00000000 00:00 0 
7fcdff840000-7fcdff880000 rw-p 00000000 00:00 0 
7fcdff880000-7fcdff900000 rw-p 00000000 00:00 0 
7fcdff900000-7fcdffb00000 rw-p 00000000 00:00 0 
7fcdffb00000-7fcdffb20000 rw-p 00000000 00:00 0 
7fcdffb20000-7fcdffb40000 rw-p 00000000 00:00 0 
7fcdffb40000-7fcdffb80000 rw-p 00000000 00:00 0 
7fcdffb80000-7fcdffd00000 rw-p 00000000 00:00 0 
7fcdffd00000-7fcdfff00000 rw-p 00000000 00:00 0 
7fcdfff00000-7fce00000000 rw-p 00000000 00:00 0 
7fce00000000-7fce00021000 rw-p 00000000 00:00 0 
7fce00021000-7fce04000000 ---p 00000000 00:00 0 
7fce04000000-7fce04021000 rw-p 00000000 00:00 0 
7fce04021000-7fce08000000 ---p 00000000 00:00 0 
7fce08000000-7fce082ef000 rw-p 00000000 00:00 0 
7fce082ef000-7fce0c000000 ---p 00000000 00:00 0 
7fce0c000000-7fce0c061000 rw-p 00000000 00:00 0 
7fce0c061000-7fce10000000 ---p 00000000 00:00 0 
7fce10000000-7fce10021000 rw-p 00000000 00:00 0 
7fce10021000-7fce14000000 ---p 00000000 00:00 0 
7fce14000000-7fce14021000 rw-p 00000000 00:00 0 
7fce14021000-7fce18000000 ---p 00000000 00:00 0 
7fce18000000-7fce18021000 rw-p 00000000 00:00 0 
7fce18021000-7fce1c000000 ---p 00000000 00:00 0 
7fce1c000000-7fce1c3c4000 rw-p 00000000 00:00 0 
7fce1c3c4000-7fce20000000 ---p 00000000 00:00 0 
7fce20000000-7fce20021000 rw-p 00000000 00:00 0 
7fce20021000-7fce24000000 ---p 00000000 00:00 0 
7fce24000000-7fce24021000 rw-p 00000000 00:00 0 
7fce24021000-7fce28000000 ---p 00000000 00:00 0 
7fce28000000-7fce28021000 rw-p 00000000 00:00 0 
7fce28021000-7fce2c000000 ---p 00000000 00:00 0 
7fce2c000000-7fce2c021000 rw-p 00000000 00:00 0 
7fce2c021000-7fce30000000 ---p 00000000 00:00 0 
7fce30000000-7fce30021000 rw-p 00000000 00:00 0 
7fce30021000-7fce34000000 ---p 00000000 00:00 0 
7fce34000000-7fce34062000 rw-p 00000000 00:00 0 
7fce34062000-7fce38000000 ---p 00000000 00:00 0 
7fce38000000-7fce38021000 rw-p 00000000 00:00 0 
7fce38021000-7fce3c000000 ---p 00000000 00:00 0 
7fce3c05a000-7fce3c05e000 ---p 00000000 00:00 0 
7fce3c05e000-7fce3c15a000 rw-p 00000000 00:00 0 
7fce3c15a000-7fce3c15e000 r-xp 00000000 08:05 6293021                    /opt/ides/sts-4.14.0.RELEASE/plugins/org.eclipse.justj.openjdk.hotspot.jre.full.linux.x86_64_17.0.2.v20220201-1208/jre/lib/libmanagement.so
7fce3c15e000-7fce3c35d000 ---p 00004000 08:05 6293021                    /opt/ides/sts-4.14.0.RELEASE/plugins/org.eclipse.justj.openjdk.hotspot.jre.full.linux.x86_64_17.0.2.v20220201-1208/jre/lib/libmanagement.so
7fce3c35d000-7fce3c35e000 r--p 00003000 08:05 6293021                    /opt/ides/sts-4.14.0.RELEASE/plugins/org.eclipse.justj.openjdk.hotspot.jre.full.linux.x86_64_17.0.2.v20220201-1208/jre/lib/libmanagement.so
7fce3c35e000-7fce3c35f000 rw-p 00004000 08:05 6293021                    /opt/ides/sts-4.14.0.RELEASE/plugins/org.eclipse.justj.openjdk.hotspot.jre.full.linux.x86_64_17.0.2.v20220201-1208/jre/lib/libmanagement.so
7fce3c35f000-7fce3c363000 ---p 00000000 00:00 0 
7fce3c363000-7fce3c45f000 rw-p 00000000 00:00 0 
7fce3c45f000-7fce3c474000 r-xp 00000000 08:05 6293003                    /opt/ides/sts-4.14.0.RELEASE/plugins/org.eclipse.justj.openjdk.hotspot.jre.full.linux.x86_64_17.0.2.v20220201-1208/jre/lib/libnet.so
7fce3c474000-7fce3c673000 ---p 00015000 08:05 6293003                    /opt/ides/sts-4.14.0.RELEASE/plugins/org.eclipse.justj.openjdk.hotspot.jre.full.linux.x86_64_17.0.2.v20220201-1208/jre/lib/libnet.so
7fce3c673000-7fce3c674000 r--p 00014000 08:05 6293003                    /opt/ides/sts-4.14.0.RELEASE/plugins/org.eclipse.justj.openjdk.hotspot.jre.full.linux.x86_64_17.0.2.v20220201-1208/jre/lib/libnet.so
7fce3c674000-7fce3c675000 rw-p 00015000 08:05 6293003                    /opt/ides/sts-4.14.0.RELEASE/plugins/org.eclipse.justj.openjdk.hotspot.jre.full.linux.x86_64_17.0.2.v20220201-1208/jre/lib/libnet.so
7fce3c675000-7fce3c687000 r-xp 00000000 08:05 6293012                    /opt/ides/sts-4.14.0.RELEASE/plugins/org.eclipse.justj.openjdk.hotspot.jre.full.linux.x86_64_17.0.2.v20220201-1208/jre/lib/libnio.so
7fce3c687000-7fce3c886000 ---p 00012000 08:05 6293012                    /opt/ides/sts-4.14.0.RELEASE/plugins/org.eclipse.justj.openjdk.hotspot.jre.full.linux.x86_64_17.0.2.v20220201-1208/jre/lib/libnio.so
7fce3c886000-7fce3c887000 r--p 00011000 08:05 6293012                    /opt/ides/sts-4.14.0.RELEASE/plugins/org.eclipse.justj.openjdk.hotspot.jre.full.linux.x86_64_17.0.2.v20220201-1208/jre/lib/libnio.so
7fce3c887000-7fce3c888000 rw-p 00012000 08:05 6293012                    /opt/ides/sts-4.14.0.RELEASE/plugins/org.eclipse.justj.openjdk.hotspot.jre.full.linux.x86_64_17.0.2.v20220201-1208/jre/lib/libnio.so
7fce3c888000-7fce3c88c000 ---p 00000000 00:00 0 
7fce3c88c000-7fce3c988000 rw-p 00000000 00:00 0 
7fce3c988000-7fce3c98c000 ---p 00000000 00:00 0 
7fce3c98c000-7fce3ca88000 rw-p 00000000 00:00 0 
7fce3ca88000-7fce3ca8c000 ---p 00000000 00:00 0 
7fce3ca8c000-7fce3cb88000 rw-p 00000000 00:00 0 
7fce3cb88000-7fce3cb8d000 r-xp 00000000 08:05 6292987                    /opt/ides/sts-4.14.0.RELEASE/plugins/org.eclipse.justj.openjdk.hotspot.jre.full.linux.x86_64_17.0.2.v20220201-1208/jre/lib/libdt_socket.so
7fce3cb8d000-7fce3cd8c000 ---p 00005000 08:05 6292987                    /opt/ides/sts-4.14.0.RELEASE/plugins/org.eclipse.justj.openjdk.hotspot.jre.full.linux.x86_64_17.0.2.v20220201-1208/jre/lib/libdt_socket.so
7fce3cd8c000-7fce3cd8d000 r--p 00004000 08:05 6292987                    /opt/ides/sts-4.14.0.RELEASE/plugins/org.eclipse.justj.openjdk.hotspot.jre.full.linux.x86_64_17.0.2.v20220201-1208/jre/lib/libdt_socket.so
7fce3cd8d000-7fce3cd8e000 rw-p 00005000 08:05 6292987                    /opt/ides/sts-4.14.0.RELEASE/plugins/org.eclipse.justj.openjdk.hotspot.jre.full.linux.x86_64_17.0.2.v20220201-1208/jre/lib/libdt_socket.so
7fce3cd8e000-7fce3cd92000 ---p 00000000 00:00 0 
7fce3cd92000-7fce3ce8e000 rw-p 00000000 00:00 0 
7fce3ce8e000-7fce3ce92000 ---p 00000000 00:00 0 
7fce3ce92000-7fce3cf8e000 rw-p 00000000 00:00 0 
7fce3cf8e000-7fce3cf92000 ---p 00000000 00:00 0 
7fce3cf92000-7fce3d08e000 rw-p 00000000 00:00 0 
7fce3d08e000-7fce3d092000 ---p 00000000 00:00 0 
7fce3d092000-7fce3d18e000 rw-p 00000000 00:00 0 
7fce3d18e000-7fce3d192000 ---p 00000000 00:00 0 
7fce3d192000-7fce3d28e000 rw-p 00000000 00:00 0 
7fce3d28e000-7fce3d800000 r--p 00000000 08:05 2490470                    /usr/lib/locale/locale-archive
7fce3d800000-7fce3dd00000 rw-p 00000000 00:00 0 
7fce3dd00000-7fce3dd20000 rw-p 00000000 00:00 0 
7fce3dd20000-7fce3dd40000 rw-p 00000000 00:00 0 
7fce3dd40000-7fce3dd80000 rw-p 00000000 00:00 0 
7fce3dd80000-7fce40000000 rw-p 00000000 00:00 0 
7fce40000000-7fce40021000 rw-p 00000000 00:00 0 
7fce40021000-7fce44000000 ---p 00000000 00:00 0 
7fce44000000-7fce44021000 rw-p 00000000 00:00 0 
7fce44021000-7fce48000000 ---p 00000000 00:00 0 
7fce48000000-7fce48021000 rw-p 00000000 00:00 0 
7fce48021000-7fce4c000000 ---p 00000000 00:00 0 
7fce4c090000-7fce4c094000 ---p 00000000 00:00 0 
7fce4c094000-7fce4c190000 rw-p 00000000 00:00 0 
7fce4c190000-7fce4c194000 ---p 00000000 00:00 0 
7fce4c194000-7fce4c290000 rw-p 00000000 00:00 0 
7fce4c290000-7fce4c294000 ---p 00000000 00:00 0 
7fce4c294000-7fce4c390000 rw-p 00000000 00:00 0 
7fce4c390000-7fce4c394000 ---p 00000000 00:00 0 
7fce4c394000-7fce4c490000 rw-p 00000000 00:00 0 
7fce4c490000-7fce4c491000 ---p 00000000 00:00 0 
7fce4c491000-7fce4c592000 rw-p 00000000 00:00 0 
7fce4c592000-7fce4c599000 r-xp 00000000 08:05 6292993                    /opt/ides/sts-4.14.0.RELEASE/plugins/org.eclipse.justj.openjdk.hotspot.jre.full.linux.x86_64_17.0.2.v20220201-1208/jre/lib/libzip.so
7fce4c599000-7fce4c799000 ---p 00007000 08:05 6292993                    /opt/ides/sts-4.14.0.RELEASE/plugins/org.eclipse.justj.openjdk.hotspot.jre.full.linux.x86_64_17.0.2.v20220201-1208/jre/lib/libzip.so
7fce4c799000-7fce4c79a000 r--p 00007000 08:05 6292993                    /opt/ides/sts-4.14.0.RELEASE/plugins/org.eclipse.justj.openjdk.hotspot.jre.full.linux.x86_64_17.0.2.v20220201-1208/jre/lib/libzip.so
7fce4c79a000-7fce4c79b000 rw-p 00008000 08:05 6292993                    /opt/ides/sts-4.14.0.RELEASE/plugins/org.eclipse.justj.openjdk.hotspot.jre.full.linux.x86_64_17.0.2.v20220201-1208/jre/lib/libzip.so
7fce4c79b000-7fce4c81c000 rw-p 00000000 00:00 0 
7fce4c81c000-7fce4c81d000 ---p 00000000 00:00 0 
7fce4c81d000-7fce4c91e000 rw-p 00000000 00:00 0 
7fce4c91e000-7fce4c91f000 ---p 00000000 00:00 0 
7fce4c91f000-7fce4d228000 rw-p 00000000 00:00 0 
7fce4d228000-7fce4d229000 ---p 00000000 00:00 0 
7fce4d229000-7fce4d32a000 rw-p 00000000 00:00 0 
7fce4d32a000-7fce4d32b000 ---p 00000000 00:00 0 
7fce4d32b000-7fce4d508000 rw-p 00000000 00:00 0 
7fce4d508000-7fce4d510000 ---p 00000000 00:00 0 
7fce4d510000-7fce4d520000 rw-p 00000000 00:00 0 
7fce4d520000-7fce4d618000 ---p 00000000 00:00 0 
7fce4d618000-7fce4d61c000 rw-p 00000000 00:00 0 
7fce4d61c000-7fce4f314000 ---p 00000000 00:00 0 
7fce4f314000-7fce4f3f0000 rw-p 00000000 00:00 0 
7fce4f3f0000-7fce4f3f8000 ---p 00000000 00:00 0 
7fce4f3f8000-7fce4f408000 rw-p 00000000 00:00 0 
7fce4f408000-7fce4f500000 ---p 00000000 00:00 0 
7fce4f500000-7fce4f504000 rw-p 00000000 00:00 0 
7fce4f504000-7fce511fc000 ---p 00000000 00:00 0 
7fce511fc000-7fce5121b000 rw-p 00000000 00:00 0 
7fce5121b000-7fce51239000 ---p 00000000 00:00 0 
7fce51239000-7fce5123a000 rw-p 00000000 00:00 0 
7fce5123a000-7fce515d9000 ---p 00000000 00:00 0 
7fce515d9000-7fce515f8000 rw-p 00000000 00:00 0 
7fce515f8000-7fce51616000 ---p 00000000 00:00 0 
7fce51616000-7fce51617000 rw-p 00000000 00:00 0 
7fce51617000-7fce519b6000 ---p 00000000 00:00 0 
7fce519b6000-7fce52256000 rwxp 00000000 00:00 0 
7fce52256000-7fce549b6000 ---p 00000000 00:00 0 
7fce549b6000-7fce58000000 r--s 00000000 08:05 6293020                    /opt/ides/sts-4.14.0.RELEASE/plugins/org.eclipse.justj.openjdk.hotspot.jre.full.linux.x86_64_17.0.2.v20220201-1208/jre/lib/modules
7fce58000000-7fce587fe000 rw-p 00000000 00:00 0 
7fce587fe000-7fce5c000000 ---p 00000000 00:00 0 
7fce5c011000-7fce5c018000 r--s 00000000 08:05 3153286                    /usr/lib/x86_64-linux-gnu/gconv/gconv-modules.cache
7fce5c018000-7fce5c0b4000 rw-p 00000000 00:00 0 
7fce5c0b4000-7fce5c0b5000 ---p 00000000 00:00 0 
7fce5c0b5000-7fce5c255000 rw-p 00000000 00:00 0 
7fce5c255000-7fce5c273000 ---p 00000000 00:00 0 
7fce5c273000-7fce5c274000 rw-p 00000000 00:00 0 
7fce5c274000-7fce5c613000 ---p 00000000 00:00 0 
7fce5c613000-7fce5ce2d000 rw-p 00000000 00:00 0 
7fce5ce2d000-7fce5ce7b000 ---p 00000000 00:00 0 
7fce5ce7b000-7fce5ce85000 r-xp 00000000 08:05 6293013                    /opt/ides/sts-4.14.0.RELEASE/plugins/org.eclipse.justj.openjdk.hotspot.jre.full.linux.x86_64_17.0.2.v20220201-1208/jre/lib/libinstrument.so
7fce5ce85000-7fce5d084000 ---p 0000a000 08:05 6293013                    /opt/ides/sts-4.14.0.RELEASE/plugins/org.eclipse.justj.openjdk.hotspot.jre.full.linux.x86_64_17.0.2.v20220201-1208/jre/lib/libinstrument.so
7fce5d084000-7fce5d085000 r--p 00009000 08:05 6293013                    /opt/ides/sts-4.14.0.RELEASE/plugins/org.eclipse.justj.openjdk.hotspot.jre.full.linux.x86_64_17.0.2.v20220201-1208/jre/lib/libinstrument.so
7fce5d085000-7fce5d086000 rw-p 0000a000 08:05 6293013                    /opt/ides/sts-4.14.0.RELEASE/plugins/org.eclipse.justj.openjdk.hotspot.jre.full.linux.x86_64_17.0.2.v20220201-1208/jre/lib/libinstrument.so
7fce5d086000-7fce5d0aa000 r-xp 00000000 08:05 6293015                    /opt/ides/sts-4.14.0.RELEASE/plugins/org.eclipse.justj.openjdk.hotspot.jre.full.linux.x86_64_17.0.2.v20220201-1208/jre/lib/libjava.so
7fce5d0aa000-7fce5d2aa000 ---p 00024000 08:05 6293015                    /opt/ides/sts-4.14.0.RELEASE/plugins/org.eclipse.justj.openjdk.hotspot.jre.full.linux.x86_64_17.0.2.v20220201-1208/jre/lib/libjava.so
7fce5d2aa000-7fce5d2ab000 r--p 00024000 08:05 6293015                    /opt/ides/sts-4.14.0.RELEASE/plugins/org.eclipse.justj.openjdk.hotspot.jre.full.linux.x86_64_17.0.2.v20220201-1208/jre/lib/libjava.so
7fce5d2ab000-7fce5d2ac000 rw-p 00025000 08:05 6293015                    /opt/ides/sts-4.14.0.RELEASE/plugins/org.eclipse.justj.openjdk.hotspot.jre.full.linux.x86_64_17.0.2.v20220201-1208/jre/lib/libjava.so
7fce5d2ac000-7fce5d2ad000 rw-p 00000000 00:00 0 
7fce5d2ad000-7fce5d2ec000 r-xp 00000000 08:05 6293014                    /opt/ides/sts-4.14.0.RELEASE/plugins/org.eclipse.justj.openjdk.hotspot.jre.full.linux.x86_64_17.0.2.v20220201-1208/jre/lib/libjdwp.so
7fce5d2ec000-7fce5d4eb000 ---p 0003f000 08:05 6293014                    /opt/ides/sts-4.14.0.RELEASE/plugins/org.eclipse.justj.openjdk.hotspot.jre.full.linux.x86_64_17.0.2.v20220201-1208/jre/lib/libjdwp.so
7fce5d4eb000-7fce5d4ec000 r--p 0003e000 08:05 6293014                    /opt/ides/sts-4.14.0.RELEASE/plugins/org.eclipse.justj.openjdk.hotspot.jre.full.linux.x86_64_17.0.2.v20220201-1208/jre/lib/libjdwp.so
7fce5d4ec000-7fce5d4ed000 rw-p 0003f000 08:05 6293014                    /opt/ides/sts-4.14.0.RELEASE/plugins/org.eclipse.justj.openjdk.hotspot.jre.full.linux.x86_64_17.0.2.v20220201-1208/jre/lib/libjdwp.so
7fce5d4ed000-7fce5d4ee000 rw-p 00000000 00:00 0 
7fce5d4ee000-7fce5d509000 r-xp 00000000 08:05 6293002                    /opt/ides/sts-4.14.0.RELEASE/plugins/org.eclipse.justj.openjdk.hotspot.jre.full.linux.x86_64_17.0.2.v20220201-1208/jre/lib/libjimage.so
7fce5d509000-7fce5d708000 ---p 0001b000 08:05 6293002                    /opt/ides/sts-4.14.0.RELEASE/plugins/org.eclipse.justj.openjdk.hotspot.jre.full.linux.x86_64_17.0.2.v20220201-1208/jre/lib/libjimage.so
7fce5d708000-7fce5d70a000 r--p 0001a000 08:05 6293002                    /opt/ides/sts-4.14.0.RELEASE/plugins/org.eclipse.justj.openjdk.hotspot.jre.full.linux.x86_64_17.0.2.v20220201-1208/jre/lib/libjimage.so
7fce5d70a000-7fce5d70b000 rw-p 0001c000 08:05 6293002                    /opt/ides/sts-4.14.0.RELEASE/plugins/org.eclipse.justj.openjdk.hotspot.jre.full.linux.x86_64_17.0.2.v20220201-1208/jre/lib/libjimage.so
7fce5d70b000-7fce5d70f000 ---p 00000000 00:00 0 
7fce5d70f000-7fce5d80b000 rw-p 00000000 00:00 0 
7fce5d80b000-7fce5d818000 r--p 00000000 08:05 2492563                    /usr/lib/x86_64-linux-gnu/libm.so.6
7fce5d818000-7fce5d892000 r-xp 0000d000 08:05 2492563                    /usr/lib/x86_64-linux-gnu/libm.so.6
7fce5d892000-7fce5d8ec000 r--p 00087000 08:05 2492563                    /usr/lib/x86_64-linux-gnu/libm.so.6
7fce5d8ec000-7fce5d8ed000 ---p 000e1000 08:05 2492563                    /usr/lib/x86_64-linux-gnu/libm.so.6
7fce5d8ed000-7fce5d8ee000 r--p 000e1000 08:05 2492563                    /usr/lib/x86_64-linux-gnu/libm.so.6
7fce5d8ee000-7fce5d8ef000 rw-p 000e2000 08:05 2492563                    /usr/lib/x86_64-linux-gnu/libm.so.6
7fce5d8ef000-7fce5d8f0000 r--p 00000000 08:05 2492586                    /usr/lib/x86_64-linux-gnu/librt.so.1
7fce5d8f0000-7fce5d8f1000 r-xp 00001000 08:05 2492586                    /usr/lib/x86_64-linux-gnu/librt.so.1
7fce5d8f1000-7fce5d8f2000 r--p 00002000 08:05 2492586                    /usr/lib/x86_64-linux-gnu/librt.so.1
7fce5d8f2000-7fce5d8f3000 r--p 00002000 08:05 2492586                    /usr/lib/x86_64-linux-gnu/librt.so.1
7fce5d8f3000-7fce5d8f4000 rw-p 00003000 08:05 2492586                    /usr/lib/x86_64-linux-gnu/librt.so.1
7fce5d8f4000-7fce5ebd8000 r-xp 00000000 08:05 6292990                    /opt/ides/sts-4.14.0.RELEASE/plugins/org.eclipse.justj.openjdk.hotspot.jre.full.linux.x86_64_17.0.2.v20220201-1208/jre/lib/server/libjvm.so
7fce5ebd8000-7fce5edd8000 ---p 012e4000 08:05 6292990                    /opt/ides/sts-4.14.0.RELEASE/plugins/org.eclipse.justj.openjdk.hotspot.jre.full.linux.x86_64_17.0.2.v20220201-1208/jre/lib/server/libjvm.so
7fce5edd8000-7fce5ee91000 r--p 012e4000 08:05 6292990                    /opt/ides/sts-4.14.0.RELEASE/plugins/org.eclipse.justj.openjdk.hotspot.jre.full.linux.x86_64_17.0.2.v20220201-1208/jre/lib/server/libjvm.so
7fce5ee91000-7fce5eec6000 rw-p 0139d000 08:05 6292990                    /opt/ides/sts-4.14.0.RELEASE/plugins/org.eclipse.justj.openjdk.hotspot.jre.full.linux.x86_64_17.0.2.v20220201-1208/jre/lib/server/libjvm.so
7fce5eec6000-7fce5ef21000 rw-p 00000000 00:00 0 
7fce5ef21000-7fce5ef49000 r--p 00000000 08:05 2492554                    /usr/lib/x86_64-linux-gnu/libc.so.6
7fce5ef49000-7fce5f0dd000 r-xp 00028000 08:05 2492554                    /usr/lib/x86_64-linux-gnu/libc.so.6
7fce5f0dd000-7fce5f135000 r--p 001bc000 08:05 2492554                    /usr/lib/x86_64-linux-gnu/libc.so.6
7fce5f135000-7fce5f136000 ---p 00214000 08:05 2492554                    /usr/lib/x86_64-linux-gnu/libc.so.6
7fce5f136000-7fce5f13a000 r--p 00214000 08:05 2492554                    /usr/lib/x86_64-linux-gnu/libc.so.6
7fce5f13a000-7fce5f13c000 rw-p 00218000 08:05 2492554                    /usr/lib/x86_64-linux-gnu/libc.so.6
7fce5f13c000-7fce5f149000 rw-p 00000000 00:00 0 
7fce5f149000-7fce5f14a000 r--p 00000000 08:05 2492559                    /usr/lib/x86_64-linux-gnu/libdl.so.2
7fce5f14a000-7fce5f14b000 r-xp 00001000 08:05 2492559                    /usr/lib/x86_64-linux-gnu/libdl.so.2
7fce5f14b000-7fce5f14c000 r--p 00002000 08:05 2492559                    /usr/lib/x86_64-linux-gnu/libdl.so.2
7fce5f14c000-7fce5f14d000 r--p 00002000 08:05 2492559                    /usr/lib/x86_64-linux-gnu/libdl.so.2
7fce5f14d000-7fce5f14e000 rw-p 00003000 08:05 2492559                    /usr/lib/x86_64-linux-gnu/libdl.so.2
7fce5f14e000-7fce5f14f000 r--p 00000000 08:05 2492582                    /usr/lib/x86_64-linux-gnu/libpthread.so.0
7fce5f14f000-7fce5f150000 r-xp 00001000 08:05 2492582                    /usr/lib/x86_64-linux-gnu/libpthread.so.0
7fce5f150000-7fce5f151000 r--p 00002000 08:05 2492582                    /usr/lib/x86_64-linux-gnu/libpthread.so.0
7fce5f151000-7fce5f152000 r--p 00002000 08:05 2492582                    /usr/lib/x86_64-linux-gnu/libpthread.so.0
7fce5f152000-7fce5f153000 rw-p 00003000 08:05 2492582                    /usr/lib/x86_64-linux-gnu/libpthread.so.0
7fce5f153000-7fce5f162000 r-xp 00000000 08:05 6293019                    /opt/ides/sts-4.14.0.RELEASE/plugins/org.eclipse.justj.openjdk.hotspot.jre.full.linux.x86_64_17.0.2.v20220201-1208/jre/lib/libjli.so
7fce5f162000-7fce5f362000 ---p 0000f000 08:05 6293019                    /opt/ides/sts-4.14.0.RELEASE/plugins/org.eclipse.justj.openjdk.hotspot.jre.full.linux.x86_64_17.0.2.v20220201-1208/jre/lib/libjli.so
7fce5f362000-7fce5f363000 r--p 0000f000 08:05 6293019                    /opt/ides/sts-4.14.0.RELEASE/plugins/org.eclipse.justj.openjdk.hotspot.jre.full.linux.x86_64_17.0.2.v20220201-1208/jre/lib/libjli.so
7fce5f363000-7fce5f364000 rw-p 00010000 08:05 6293019                    /opt/ides/sts-4.14.0.RELEASE/plugins/org.eclipse.justj.openjdk.hotspot.jre.full.linux.x86_64_17.0.2.v20220201-1208/jre/lib/libjli.so
7fce5f364000-7fce5f366000 r--p 00000000 08:05 2497721                    /usr/lib/x86_64-linux-gnu/libz.so.1.2.11
7fce5f366000-7fce5f377000 r-xp 00002000 08:05 2497721                    /usr/lib/x86_64-linux-gnu/libz.so.1.2.11
7fce5f377000-7fce5f37d000 r--p 00013000 08:05 2497721                    /usr/lib/x86_64-linux-gnu/libz.so.1.2.11
7fce5f37d000-7fce5f37e000 ---p 00019000 08:05 2497721                    /usr/lib/x86_64-linux-gnu/libz.so.1.2.11
7fce5f37e000-7fce5f37f000 r--p 00019000 08:05 2497721                    /usr/lib/x86_64-linux-gnu/libz.so.1.2.11
7fce5f37f000-7fce5f380000 rw-p 0001a000 08:05 2497721                    /usr/lib/x86_64-linux-gnu/libz.so.1.2.11
7fce5f382000-7fce5f38a000 rw-s 00000000 08:05 4852517                    /tmp/hsperfdata_brevio/9487
7fce5f38a000-7fce5f38b000 ---p 00000000 00:00 0 
7fce5f38b000-7fce5f38c000 r--p 00000000 00:00 0 
7fce5f38c000-7fce5f38d000 ---p 00000000 00:00 0 
7fce5f38d000-7fce5f38f000 rw-p 00000000 00:00 0 
7fce5f38f000-7fce5f390000 r--p 00000000 08:05 2492531                    /usr/lib/x86_64-linux-gnu/ld-linux-x86-64.so.2
7fce5f390000-7fce5f3b8000 r-xp 00001000 08:05 2492531                    /usr/lib/x86_64-linux-gnu/ld-linux-x86-64.so.2
7fce5f3b8000-7fce5f3c2000 r--p 00029000 08:05 2492531                    /usr/lib/x86_64-linux-gnu/ld-linux-x86-64.so.2
7fce5f3c2000-7fce5f3c4000 r--p 00032000 08:05 2492531                    /usr/lib/x86_64-linux-gnu/ld-linux-x86-64.so.2
7fce5f3c4000-7fce5f3c6000 rw-p 00034000 08:05 2492531                    /usr/lib/x86_64-linux-gnu/ld-linux-x86-64.so.2
7ffdf891d000-7ffdf8940000 rw-p 00000000 00:00 0                          [stack]
7ffdf8964000-7ffdf8968000 r--p 00000000 00:00 0                          [vvar]
7ffdf8968000-7ffdf896a000 r-xp 00000000 00:00 0                          [vdso]
ffffffffff600000-ffffffffff601000 --xp 00000000 00:00 0                  [vsyscall]


VM Arguments:
jvm_args: -XX:+ShowCodeDetailsInExceptionMessages -agentlib:jdwp=transport=dt_socket,suspend=y,address=localhost:37943 -Dcom.sun.management.jmxremote -Dcom.sun.management.jmxremote.port=45775 -Dcom.sun.management.jmxremote.authenticate=false -Dcom.sun.management.jmxremote.ssl=false -Djava.rmi.server.hostname=localhost -Dspring.jmx.enabled=true -Dspring.application.admin.enabled=true -Djava.security.egd=file:/dev/./urandom -XX:TieredStopAtLevel=1 -Dspring.boot.project.name=conversor-numeros-romanos -javaagent:/home/brevio/.eclipse/org.eclipse.platform_4.23.0_60848750_linux_gtk_x86_64/configuration/org.eclipse.osgi/257/0/.cp/lib/javaagent-shaded.jar -Dfile.encoding=UTF-8 
java_command: br.com.brevio.ConversorNumerosRomanosApplication --spring.output.ansi.enabled=always
java_class_path (initial): /home/brevio/Documents/workspace-spring-tool-suite-4-4.14.0.RELEASE/conversor-numeros-romanos/target/classes:/home/brevio/.m2/repository/org/springframework/boot/spring-boot-starter-thymeleaf/2.6.5/spring-boot-starter-thymeleaf-2.6.5.jar:/home/brevio/.m2/repository/org/thymeleaf/thymeleaf-spring5/3.0.15.RELEASE/thymeleaf-spring5-3.0.15.RELEASE.jar:/home/brevio/.m2/repository/org/thymeleaf/thymeleaf/3.0.15.RELEASE/thymeleaf-3.0.15.RELEASE.jar:/home/brevio/.m2/repository/org/attoparser/attoparser/2.0.5.RELEASE/attoparser-2.0.5.RELEASE.jar:/home/brevio/.m2/repository/org/unbescape/unbescape/1.1.6.RELEASE/unbescape-1.1.6.RELEASE.jar:/home/brevio/.m2/repository/org/slf4j/slf4j-api/1.7.36/slf4j-api-1.7.36.jar:/home/brevio/.m2/repository/org/thymeleaf/extras/thymeleaf-extras-java8time/3.0.4.RELEASE/thymeleaf-extras-java8time-3.0.4.RELEASE.jar:/home/brevio/.m2/repository/org/springframework/boot/spring-boot-starter-web/2.6.5/spring-boot-starter-web-2.6.5.jar:/home/brevio/.m2/repository/org/springframework/boot/spring-boot-starter-json/2.6.5/spring-boot-starter-json-2.6.5.jar:/home/brevio/.m2/repository/com/fasterxml/jackson/core/jackson-databind/2.13.2/jackson-databind-2.13.2.jar:/home/brevio/.m2/repository/com/fasterxml/jackson/core/jackson-annotations/2.13.2/jackson-annotations-2.13.2.jar:/home/brevio/.m2/repository/com/fasterxml/jackson/core/jackson-core/2.13.2/jackson-core-2.13.2.jar:/home/brevio/.m2/repository/com/fasterxml/jackson/datatype/jackson-datatype-jdk8/2.13.2/jackson-datatype-jdk8-2.13.2.jar:/home/brevio/.m2/repository/com/fasterxml/jackson/datatype/jackson-datatype-jsr310/2.13.2/jackson-datatype-jsr310-2.13.2.jar:/home/brevio/.m2/repository/com/fasterxml/jackson/module/jackson-module-parameter-names/2.13.2/jackson-module-parameter-names-2.13.2.jar:/home/brevio/.m2/repository/org/springframework/boot/spring-boot-starter-tomcat/2.6.5/spring-boot-starter-tomcat-2.6.5.jar:/home/brevio/.m2/repository/org/apache/tomcat/embed/tomcat-emb
Launcher Type: SUN_STANDARD

[Global flags]
     intx CICompilerCount                          = 4                                         {product} {ergonomic}
     uint ConcGCThreads                            = 2                                         {product} {ergonomic}
     uint G1ConcRefinementThreads                  = 8                                         {product} {ergonomic}
   size_t G1HeapRegionSize                         = 1048576                                   {product} {ergonomic}
    uintx GCDrainStackTargetSize                   = 64                                        {product} {ergonomic}
   size_t InitialHeapSize                          = 130023424                                 {product} {ergonomic}
     bool ManagementServer                         = true                                      {product} {command line}
   size_t MarkStackSize                            = 4194304                                   {product} {ergonomic}
   size_t MaxHeapSize                              = 2074083328                                {product} {ergonomic}
   size_t MaxNewSize                               = 1243611136                                {product} {ergonomic}
   size_t MinHeapDeltaBytes                        = 1048576                                   {product} {ergonomic}
   size_t MinHeapSize                              = 8388608                                   {product} {ergonomic}
    uintx NonProfiledCodeHeapSize                  = 0                                      {pd product} {ergonomic}
     bool ProfileInterpreter                       = false                                  {pd product} {command line}
    uintx ProfiledCodeHeapSize                     = 0                                      {pd product} {ergonomic}
     bool ShowCodeDetailsInExceptionMessages       = true                                   {manageable} {command line}
   size_t SoftMaxHeapSize                          = 2074083328                             {manageable} {ergonomic}
     intx TieredStopAtLevel                        = 1                                         {product} {command line}
     bool UseCompressedClassPointers               = true                           {product lp64_product} {ergonomic}
     bool UseCompressedOops                        = true                           {product lp64_product} {ergonomic}
     bool UseG1GC                                  = true                                      {product} {ergonomic}

Logging:
Log output configuration:
 #0: stdout all=warning uptime,level,tags
 #1: stderr all=off uptime,level,tags

Environment Variables:
PATH=/usr/local/sbin:/usr/local/bin:/usr/sbin:/usr/bin:/sbin:/bin:/usr/games:/usr/local/games:/snap/bin:/snap/bin
USERNAME=brevio
SHELL=/bin/bash
DISPLAY=:0
LANG=en_US.UTF-8
LC_CTYPE=pt_BR.UTF-8

Signal Handlers:
   SIGSEGV: crash_handler in libjvm.so, mask=11100100010111111101111111111110, flags=SA_RESTART|SA_SIGINFO
    SIGBUS: crash_handler in libjvm.so, mask=11100100010111111101111111111110, flags=SA_RESTART|SA_SIGINFO
    SIGFPE: crash_handler in libjvm.so, mask=11100100010111111101111111111110, flags=SA_RESTART|SA_SIGINFO
   SIGPIPE: javaSignalHandler in libjvm.so, mask=11100100010111111101111111111110, flags=SA_RESTART|SA_SIGINFO
   SIGXFSZ: javaSignalHandler in libjvm.so, mask=11100100010111111101111111111110, flags=SA_RESTART|SA_SIGINFO
    SIGILL: crash_handler in libjvm.so, mask=11100100010111111101111111111110, flags=SA_RESTART|SA_SIGINFO
   SIGUSR2: SR_handler in libjvm.so, mask=00100000000000000000000000000000, flags=SA_RESTART|SA_SIGINFO
    SIGHUP: UserHandler in libjvm.so, mask=11100100010111111101111111111110, flags=SA_RESTART|SA_SIGINFO
    SIGINT: UserHandler in libjvm.so, mask=11100100010111111101111111111110, flags=SA_RESTART|SA_SIGINFO
   SIGTERM: UserHandler in libjvm.so, mask=11100100010111111101111111111110, flags=SA_RESTART|SA_SIGINFO
   SIGQUIT: UserHandler in libjvm.so, mask=11100100010111111101111111111110, flags=SA_RESTART|SA_SIGINFO
   SIGTRAP: crash_handler in libjvm.so, mask=11100100010111111101111111111110, flags=SA_RESTART|SA_SIGINFO


---------------  S Y S T E M  ---------------

OS:
DISTRIB_ID=Ubuntu
DISTRIB_RELEASE=21.10
DISTRIB_CODENAME=impish
DISTRIB_DESCRIPTION="Ubuntu 21.10"
uname: Linux 5.13.0-37-generic #42-Ubuntu SMP Tue Mar 15 14:34:06 UTC 2022 x86_64
OS uptime: 0 days 3:03 hours
libc: glibc 2.34 NPTL 2.34 
rlimit (soft/hard): STACK 8192k/infinity , CORE 0k/infinity , NPROC 31426/31426 , NOFILE 1048576/1048576 , AS infinity/infinity , CPU infinity/infinity , DATA infinity/infinity , FSIZE infinity/infinity , MEMLOCK 1011988k/1011988k
load average: 1,25 0,86 0,81

/proc/meminfo:
MemTotal:        8095932 kB
MemFree:          138336 kB
MemAvailable:    2670616 kB
Buffers:          167552 kB
Cached:          2697624 kB
SwapCached:         1348 kB
Active:          1537796 kB
Inactive:        5936584 kB
Active(anon):      32956 kB
Inactive(anon):  4792052 kB
Active(file):    1504840 kB
Inactive(file):  1144532 kB
Unevictable:          80 kB
Mlocked:              80 kB
SwapTotal:       2097148 kB
SwapFree:        2089980 kB
Dirty:               768 kB
Writeback:             0 kB
AnonPages:       4608132 kB
Mapped:          1024352 kB
Shmem:            260928 kB
KReclaimable:     186176 kB
Slab:             299756 kB
SReclaimable:     186176 kB
SUnreclaim:       113580 kB
KernelStack:       22304 kB
PageTables:        66240 kB
NFS_Unstable:          0 kB
Bounce:                0 kB
WritebackTmp:          0 kB
CommitLimit:     6145112 kB
Committed_AS:   15984944 kB
VmallocTotal:   34359738367 kB
VmallocUsed:       45096 kB
VmallocChunk:          0 kB
Percpu:             8064 kB
HardwareCorrupted:     0 kB
AnonHugePages:         0 kB
ShmemHugePages:        0 kB
ShmemPmdMapped:        0 kB
FileHugePages:         0 kB
FilePmdMapped:         0 kB
HugePages_Total:       0
HugePages_Free:        0
HugePages_Rsvd:        0
HugePages_Surp:        0
Hugepagesize:       2048 kB
Hugetlb:               0 kB
DirectMap4k:      343940 kB
DirectMap2M:     7999488 kB

/sys/kernel/mm/transparent_hugepage/enabled: always [madvise] never
/sys/kernel/mm/transparent_hugepage/defrag (defrag/compaction efforts parameter): always defer defer+madvise [madvise] never

Process Memory:
Virtual Size: 7606036K (peak: 7665512K)
Resident Set Size: 172704K (peak: 180056K) (anon: 140340K, file: 32364K, shmem: 0K)
Swapped out: 0K
C-Heap outstanding allocations: 22358K

/proc/sys/kernel/threads-max (system-wide limit on the number of threads): 62852
/proc/sys/vm/max_map_count (maximum number of memory map areas a process may have): 65530
/proc/sys/kernel/pid_max (system-wide limit on number of process identifiers): 4194304

container (cgroup) information:
container_type: cgroupv2
cpu_cpuset_cpus: not supported
cpu_memory_nodes: not supported
active_processor_count: 8
cpu_quota: not supported
cpu_period: not supported
cpu_shares: not supported
memory_limit_in_bytes: unlimited
memory_and_swap_limit_in_bytes: unlimited
memory_soft_limit_in_bytes: unlimited
memory_usage_in_bytes: 1464496128
memory_max_usage_in_bytes: not supported

Steal ticks since vm start: 0
Steal ticks percentage since vm start:  0,000

CPU: total 8 (initial active 8) (4 cores per cpu, 2 threads per core) family 6 model 42 stepping 7 microcode 0x2f, cx8, cmov, fxsr, ht, mmx, sse, sse2, sse3, ssse3, sse4.1, sse4.2, popcnt, tsc, tscinvbit, avx, aes, clmul, vzeroupper, clflush
CPU Model and flags from /proc/cpuinfo:
model name	: Intel(R) Core(TM) i7-2600 CPU @ 3.40GHz
flags		: fpu vme de pse tsc msr pae mce cx8 apic sep mtrr pge mca cmov pat pse36 clflush dts acpi mmx fxsr sse sse2 ht tm pbe syscall nx rdtscp lm constant_tsc arch_perfmon pebs bts rep_good nopl xtopology nonstop_tsc cpuid aperfmperf pni pclmulqdq dtes64 monitor ds_cpl smx est tm2 ssse3 cx16 xtpr pdcm pcid sse4_1 sse4_2 x2apic popcnt tsc_deadline_timer aes xsave avx lahf_lm epb pti ssbd ibrs ibpb stibp xsaveopt dtherm ida arat pln pts md_clear flush_l1d

Online cpus: 0-7
Offline cpus: 
BIOS frequency limitation: <Not Available>
Frequency switch latency (ns): 20000
Available cpu frequencies: <Not Available>
Current governor: schedutil
Core performance/turbo boost: <Not Available>

Memory: 4k page, physical 8095932k(138336k free), swap 2097148k(2089980k free)
Page Sizes: 4k

vm_info: OpenJDK 64-Bit Server VM (17.0.2+8) for linux-amd64 JRE (17.0.2+8), built on Jan 20 2022 09:56:58 by "" with gcc 7.5.0

END.
